 0.1000000000E-00001  324.0435975         324.0434582       
 0.1100000000E-00001  324.0690051         324.0687850       
 0.1200000000E-00001  324.0995454         324.0992284       
 0.1300000000E-00001  324.1338289         324.1334041       
 0.1400000000E-00001  324.1703345         324.1697962       
 0.1500000000E-00001  324.2076104         324.2069578       
 0.1600000000E-00001  324.2443936         324.2436300       
 0.1700000000E-00001  324.2796691         324.2788013       
 0.1800000000E-00001  324.3126853         324.3117218       
 0.1900000000E-00001  324.3429456         324.3418957       
 0.2000000000E-00001  324.3701872         324.3690590       
 0.2100000000E-00001  324.3943543         324.3931535       
 0.2200000000E-00001  324.4155727         324.4143004       
 0.2300000000E-00001  324.4341244         324.4327753       
 0.2400000000E-00001  324.4504247         324.4489854       
 0.2500000000E-00001  324.4650008         324.4634475       
 0.2600000000E-00001  324.4784709         324.4767679       
 0.2700000000E-00001  324.4915243         324.4896227       
 0.2800000000E-00001  324.5049018         324.5027377       
 0.2900000000E-00001  324.5193757         324.5168699       
 0.3000000000E-00001  324.5357311         324.5327884       
 0.3100000000E-00001  324.5547472         324.5512567       
 0.3200000000E-00001  324.5771800         324.5730153       
 0.3300000000E-00001  324.6037460         324.5987665       
 0.3400000000E-00001  324.6351074         324.6291597       
 0.3500000000E-00001  324.6718594         324.6647791       
 0.3600000000E-00001  324.7145187         324.7061329       
 0.3700000000E-00001  324.7635148         324.7536444       
 0.3800000000E-00001  324.8191823         324.8076454       
 0.3900000000E-00001  324.8817557         324.8683704       
 0.4000000000E-00001  324.9513662         324.9359541       
 0.4100000000E-00001  325.0280403         325.0104297       
 0.4200000000E-00001  325.1116994         325.0917290       
 0.4300000000E-00001  325.2021626         325.1796848       
 0.4400000000E-00001  325.2991499         325.2740341       
 0.4500000000E-00001  325.4022875         325.3744229       
 0.4600000000E-00001  325.5111142         325.4804130       
 0.4700000000E-00001  325.6250896         325.5914890       
 0.4800000000E-00001  325.7436030         325.7070673       
 0.4900000000E-00001  325.8659831         325.8265052       
 0.5000000000E-00001  325.9915091         325.9491116       
 0.5100000000E-00001  326.1194216         326.0741571       
 0.5200000000E-00001  326.2489346         326.2008856       
 0.5300000000E-00001  326.3792473         326.3285255       
 0.5400000000E-00001  326.5095553         326.4563003       
 0.5500000000E-00001  326.6390624         326.5834402       
 0.5600000000E-00001  326.7669910         326.7091914       
 0.5700000000E-00001  326.8925924         326.8328266       
 0.5800000000E-00001  327.0151557         326.9536533       
 0.5900000000E-00001  327.1340160         327.0710216       
 0.6000000000E-00001  327.2485610         327.1843311       
 0.6100000000E-00001  327.3582369         327.2930360       
 0.6200000000E-00001  327.4625524         327.3966498       
 0.6300000000E-00001  327.5610821         327.4947481       
 0.6400000000E-00001  327.6534677         327.5869705       
 0.6500000000E-00001  327.7394189         327.6730213       
 0.6600000000E-00001  327.8187128         327.7526694       
 0.6700000000E-00001  327.8911918         327.8257464       
 0.6800000000E-00001  327.9567617         327.8921447       
 0.6900000000E-00001  328.0153876         327.9518147       
 0.7000000000E-00001  328.0670909         328.0047608       
 0.7100000000E-00001  328.1119437         328.0510374       
 0.7200000000E-00001  328.1500651         328.0907449       
 0.7300000000E-00001  328.1816153         328.1240241       
 0.7400000000E-00001  328.2067911         328.1510522       
 0.7500000000E-00001  328.2258202         328.1720376       
 0.7600000000E-00001  328.2389566         328.1872150       
 0.7700000000E-00001  328.2464756         328.1968409       
 0.7800000000E-00001  328.2486691         328.2011893       
 0.7900000000E-00001  328.2458411         328.2005471       
 0.8000000000E-00001  328.2383043         328.1952108       
 0.8100000000E-00001  328.2263757         328.1854822       
 0.8200000000E-00001  328.2103739         328.1716659       
 0.8300000000E-00001  328.1906160         328.1540660       
 0.8400000000E-00001  328.1674149         328.1329839       
 0.8500000000E-00001  328.1410774         328.1087156       
 0.8600000000E-00001  328.1119023         328.0815506       
 0.8700000000E-00001  328.0801789         328.0517694       
 0.8800000000E-00001  328.0461855         328.0196434       
 0.8900000000E-00001  328.0101892         327.9854328       
 0.9000000000E-00001  327.9724442         327.9493867       
 0.9100000000E-00001  327.9331924         327.9117419       
 0.9200000000E-00001  327.8926624         327.8727233       
 0.9300000000E-00001  327.8510696         327.8325430       
 0.9400000000E-00001  327.8086165         327.7914008       
 0.9500000000E-00001  327.7654925         327.7494839       
 0.9600000000E-00001  327.7218745         327.7069677       
 0.9700000000E-00001  327.6779269         327.6640154       
 0.9800000000E-00001  327.6338026         327.6207789       
 0.9900000000E-00001  327.5896429         327.5773990       
 0.1000000000         327.5455783         327.5340058       
 0.1010000000         327.5017291         327.4907194       
 0.1020000000         327.4582058         327.4476503       
 0.1030000000         327.4151096         327.4048999       
 0.1040000000         327.3725333         327.3625613       
 0.1050000000         327.3305617         327.3207193       
 0.1060000000         327.2892719         327.2794513       
 0.1070000000         327.2487343         327.2388279       
 0.1080000000         327.2090125         327.1989131       
 0.1090000000         327.1701645         327.1597650       
 0.1100000000         327.1322426         327.1214360       
 0.1110000000         327.0952942         327.0839735       
 0.1120000000         327.0593621         327.0474203       
 0.1130000000         327.0244848         327.0118148       
 0.1140000000         326.9906970         326.9771915       
 0.1150000000         326.9580298         326.9435812       
 0.1160000000         326.9265113         326.9110115       
 0.1170000000         326.8961666         326.8795071       
 0.1180000000         326.8670184         326.8490899       
 0.1190000000         326.8390869         326.8197796       
 0.1200000000         326.8123903         326.7915933       
 0.1210000000         326.7869448         326.7645464       
 0.1220000000         326.7627652         326.7386527       
 0.1230000000         326.7398646         326.7139240       
 0.1240000000         326.7182550         326.6903710       
 0.1250000000         326.6979471         326.6680030       
 0.1260000000         326.6789506         326.6468285       
 0.1270000000         326.6612746         326.6268547       
 0.1280000000         326.6449272         326.6080881       
 0.1290000000         326.6299161         326.5905346       
 0.1300000000         326.6162484         326.5741994       
 0.1310000000         326.6039309         326.5590872       
 0.1320000000         326.5929699         326.5452022       
 0.1330000000         326.5833718         326.5325485       
 0.1340000000         326.5751427         326.5211298       
 0.1350000000         326.5682886         326.5109498       
 0.1360000000         326.5628158         326.5020118       
 0.1370000000         326.5587304         326.4943194       
 0.1380000000         326.5560390         326.4878761       
 0.1390000000         326.5547481         326.4826855       
 0.1400000000         326.5548650         326.4787515       
 0.1410000000         326.5563970         326.4760781       
 0.1420000000         326.5593520         326.4746695       
 0.1430000000         326.5637386         326.4745305       
 0.1440000000         326.5695658         326.4756662       
 0.1450000000         326.5768434         326.4780821       
 0.1460000000         326.5855819         326.4817842       
 0.1470000000         326.5957927         326.4867791       
 0.1480000000         326.6074880         326.4930743       
 0.1490000000         326.6206811         326.5006775       
 0.1500000000         326.6353862         326.5095976       
 0.1510000000         326.6516189         326.5198440       
 0.1520000000         326.6693957         326.5314271       
 0.1530000000         326.6887347         326.5443582       
 0.1540000000         326.7096552         326.5586498       
 0.1550000000         326.7321781         326.5743151       
 0.1560000000         326.7563257         326.5913686       
 0.1570000000         326.7821220         326.6098261       
 0.1580000000         326.8095930         326.6297045       
 0.1590000000         326.8387663         326.6510221       
 0.1600000000         326.8696715         326.6737986       
 0.1610000000         326.9023403         326.6980551       
 0.1620000000         326.9368064         326.7238144       
 0.1630000000         326.9731060         326.7511006       
 0.1640000000         327.0112774         326.7799398       
 0.1650000000         327.0513614         326.8103598       
 0.1660000000         327.0934016         326.8423900       
 0.1670000000         327.1374440         326.8760620       
 0.1680000000         327.1835375         326.9114092       
 0.1690000000         327.2317337         326.9484671       
 0.1700000000         327.2820876         326.9872733       
 0.1710000000         327.3346568         327.0278676       
 0.1720000000         327.3895024         327.0702921       
 0.1730000000         327.4466887         327.1145912       
 0.1740000000         327.5062835         327.1608117       
 0.1750000000         327.5683580         327.2090029       
 0.1760000000         327.6329870         327.2592167       
 0.1770000000         327.7002491         327.3115073       
 0.1780000000         327.7702266         327.3659321       
 0.1790000000         327.8430058         327.4225507       
 0.1800000000         327.9186768         327.4814257       
 0.1810000000         327.9973339         327.5426227       
 0.1820000000         328.0790755         327.6062099       
 0.1830000000         328.1640042         327.6722585       
 0.1840000000         328.2522267         327.7408427       
 0.1850000000         328.3438543         327.8120398       
 0.1860000000         328.4390025         327.8859300       
 0.1870000000         328.5377912         327.9625965       
 0.1880000000         328.6403447         328.0421258       
 0.1890000000         328.7467918         328.1246074       
 0.1900000000         328.8572659         328.2101336       
 0.1910000000         328.9719045         328.2988003       
 0.1920000000         329.0908499         328.3907061       
 0.1930000000         329.2142485         328.4859528       
 0.1940000000         329.3422511         328.5846452       
 0.1950000000         329.4750128         328.6868910       
 0.1960000000         329.6126930         328.7928010       
 0.1970000000         329.7554547         328.9024888       
 0.1980000000         329.9034652         329.0160707       
 0.1990000000         330.0568955         329.1336658       
 0.2000000000         330.2159199         329.2553958       
 0.2010000000         330.3807162         329.3813849       
 0.2020000000         330.5514652         329.5117595       
 0.2030000000         330.7283506         329.6466483       
 0.2040000000         330.9115583         329.7861821       
 0.2050000000         331.1012765         329.9304933       
 0.2060000000         331.2976950         330.0797162       
 0.2070000000         331.5010050         330.2339862       
 0.2080000000         331.7113982         330.3934401       
 0.2090000000         331.9290668         330.5582154       
 0.2100000000         332.1542026         330.7284503       
 0.2110000000         332.3869962         330.9042831       
 0.2120000000         332.6276370         331.0858520       
 0.2130000000         332.8763114         331.2732949       
 0.2140000000         333.1332033         331.4667485       
 0.2150000000         333.3984921         331.6663486       
 0.2160000000         333.6723525         331.8722288       
 0.2170000000         333.9549532         332.0845206       
 0.2180000000         334.2464561         332.3033529       
 0.2190000000         334.5470151         332.5288508       
 0.2200000000         334.8567749         332.7611360       
 0.2210000000         335.1758700         333.0003252       
 0.2220000000         335.5044233         333.2465302       
 0.2230000000         335.8425448         333.4998569       
 0.2240000000         336.1903305         333.7604044       
 0.2250000000         336.5478605         334.0282649       
 0.2260000000         336.9151980         334.3035222       
 0.2270000000         337.2923876         334.5862513       
 0.2280000000         337.6794540         334.8765177       
 0.2290000000         338.0764002         335.1743763       
 0.2300000000         338.4832061         335.4798705       
 0.2310000000         338.8998268         335.7930316       
 0.2320000000         339.3261913         336.1138778       
 0.2330000000         339.7622008         336.4424131       
 0.2340000000         340.2077271         336.7786268       
 0.2350000000         340.6626111         337.1224920       
 0.2360000000         341.1266616         337.4739653       
 0.2370000000         341.5996536         337.8329855       
 0.2380000000         342.0813275         338.1994728       
 0.2390000000         342.5713872         338.5733280       
 0.2400000000         343.0694996         338.9544316       
 0.2410000000         343.5752934         339.3426430       
 0.2420000000         344.0883583         339.7377995       
 0.2430000000         344.6082445         340.1397161       
 0.2440000000         345.1344619         340.5481841       
 0.2450000000         345.6664802         340.9629713       
 0.2460000000         346.2037287         341.3838206       
 0.2470000000         346.7455963         341.8104503       
 0.2480000000         347.2914322         342.2425532       
 0.2490000000         347.8405465         342.6797965       
 0.2500000000         348.3922108         343.1218219       
 0.2510000000         348.9456601         343.5682448       
 0.2520000000         349.5000936         344.0186551       
 0.2530000000         350.0546768         344.4726171       
 0.2540000000         350.6085438         344.9296698       
 0.2550000000         351.1607991         345.3893271       
 0.2560000000         351.7105210         345.8510791       
 0.2570000000         352.2567639         346.3143920       
 0.2580000000         352.7985619         346.7787095       
 0.2590000000         353.3349319         347.2434540       
 0.2600000000         353.8648779         347.7080272       
 0.2610000000         354.3873943         348.1718119       
 0.2620000000         354.9014705         348.6341735       
 0.2630000000         355.4060950         349.0944617       
 0.2640000000         355.9002598         349.5520118       
 0.2650000000         356.3829650         350.0061475       
 0.2660000000         356.8532235         350.4561823       
 0.2670000000         357.3100655         350.9014217       
 0.2680000000         357.7525434         351.3411662       
 0.2690000000         358.1797360         351.7747128       
 0.2700000000         358.5907536         352.2013583       
 0.2710000000         358.9847419         352.6204012       
 0.2720000000         359.3608866         353.0311450       
 0.2730000000         359.7184172         353.4329002       
 0.2740000000         360.0566111         353.8249874       
 0.2750000000         360.3747969         354.2067401       
 0.2760000000         360.6723578         354.5775068       
 0.2770000000         360.9487344         354.9366544       
 0.2780000000         361.2034275         355.2835701       
 0.2790000000         361.4359999         355.6176645       
 0.2800000000         361.6460787         355.9383736       
 0.2810000000         361.8333562         356.2451614       
 0.2820000000         361.9975912         356.5375218       
 0.2830000000         362.1386093         356.8149810       
 0.2840000000         362.2563032         357.0770991       
 0.2850000000         362.3506325         357.3234719       
 0.2860000000         362.4216227         357.5537326       
 0.2870000000         362.4693644         357.7675528       
 0.2880000000         362.4940115         357.9646440       
 0.2890000000         362.4957798         358.1447582       
 0.2900000000         362.4749445         358.3076889       
 0.2910000000         362.4318382         358.4532712       
 0.2920000000         362.3668473         358.5813824       
 0.2930000000         362.2804101         358.6919420       
 0.2940000000         362.1730128         358.7849113       
 0.2950000000         362.0451864         358.8602934       
 0.2960000000         361.8975033         358.9181319       
 0.2970000000         361.7305736         358.9585111       
 0.2980000000         361.5450412         358.9815542       
 0.2990000000         361.3415803         358.9874223       
 0.3000000000         361.1208914         358.9763135       
 0.3010000000         360.8836980         358.9484610       
 0.3020000000         360.6307419         358.9041314       
 0.3030000000         360.3627808         358.8436235       
 0.3040000000         360.0805838         358.7672660       
 0.3050000000         359.7849281         358.6754157       
 0.3060000000         359.4765962         358.5684554       
 0.3070000000         359.1563720         358.4467919       
 0.3080000000         358.8250382         358.3108543       
 0.3090000000         358.4833734         358.1610909       
 0.3100000000         358.1321494         357.9979681       
 0.3110000000         357.7721287         357.8219675       
 0.3120000000         357.4040622         357.6335842       
 0.3130000000         357.0286870         357.4333244       
 0.3140000000         356.6467249         357.2217035       
 0.3150000000         356.2588802         356.9992443       
 0.3160000000         355.8658386         356.7664743       
 0.3170000000         355.4682655         356.5239248       
 0.3180000000         355.0668053         356.2721283       
 0.3190000000         354.6620799         356.0116171       
 0.3200000000         354.2546886         355.7429217       
 0.3210000000         353.8452068         355.4665692       
 0.3220000000         353.4341859         355.1830816       
 0.3230000000         353.0221529         354.8929749       
 0.3240000000         352.6096101         354.5967575       
 0.3250000000         352.1970353         354.2949292       
 0.3260000000         351.7848814         353.9879801       
 0.3270000000         351.3735770         353.6763896       
 0.3280000000         350.9635264         353.3606258       
 0.3290000000         350.5551099         353.0411443       
 0.3300000000         350.1486844         352.7183881       
 0.3310000000         349.7445836         352.3927865       
 0.3320000000         349.3431189         352.0647549       
 0.3330000000         348.9445795         351.7346944       
 0.3340000000         348.5492337         351.4029917       
 0.3350000000         348.1573287         351.0700181       
 0.3360000000         347.7690922         350.7361303       
 0.3370000000         347.3847324         350.4016697       
 0.3380000000         347.0044392         350.0669625       
 0.3390000000         346.6283847         349.7323198       
 0.3400000000         346.2567240         349.3980376       
 0.3410000000         345.8895961         349.0643971       
 0.3420000000         345.5271245         348.7316644       
 0.3430000000         345.1694179         348.4000915       
 0.3440000000         344.8165712         348.0699156       
 0.3450000000         344.4686661         347.7413604       
 0.3460000000         344.1257717         347.4146354       
 0.3470000000         343.7879454         347.0899371       
 0.3480000000         343.4552335         346.7674487       
 0.3490000000         343.1276718         346.4473409       
 0.3500000000         342.8052864         346.1297721       
 0.3510000000         342.4880943         345.8148890       
 0.3520000000         342.1761039         345.5028265       
 0.3530000000         341.8693156         345.1937088       
 0.3540000000         341.5677225         344.8876494       
 0.3550000000         341.2713108         344.5847515       
 0.3560000000         340.9800604         344.2851086       
 0.3570000000         340.6939453         343.9888049       
 0.3580000000         340.4129343         343.6959157       
 0.3590000000         340.1369911         343.4065076       
 0.3600000000         339.8660749         343.1206394       
 0.3610000000         339.6001408         342.8383619       
 0.3620000000         339.3391404         342.5597189       
 0.3630000000         339.0830217         342.2847469       
 0.3640000000         338.8317297         342.0134761       
 0.3650000000         338.5852069         341.7459305       
 0.3660000000         338.3433932         341.4821283       
 0.3670000000         338.1062264         341.2220821       
 0.3680000000         337.8736426         340.9657994       
 0.3690000000         337.6455762         340.7132828       
 0.3700000000         337.4219602         340.4645307       
 0.3710000000         337.2027266         340.2195367       
 0.3720000000         336.9878063         339.9782911       
 0.3730000000         336.7771294         339.7407800       
 0.3740000000         336.5706256         339.5069865       
 0.3750000000         336.3682240         339.2768902       
 0.3760000000         336.1698536         339.0504681       
 0.3770000000         335.9754431         338.8276944       
 0.3780000000         335.7849213         338.6085408       
 0.3790000000         335.5982170         338.3929768       
 0.3800000000         335.4152593         338.1809697       
 0.3810000000         335.2359775         337.9724851       
 0.3820000000         335.0603015         337.7674869       
 0.3830000000         334.8881614         337.5659374       
 0.3840000000         334.7194882         337.3677975       
 0.3850000000         334.5542133         337.1730270       
 0.3860000000         334.3922686         336.9815844       
 0.3870000000         334.2335872         336.7934276       
 0.3880000000         334.0781026         336.6085133       
 0.3890000000         333.9257494         336.4267977       
 0.3900000000         333.7764627         336.2482364       
 0.3910000000         333.6301788         336.0727844       
 0.3920000000         333.4868349         335.9003965       
 0.3930000000         333.3463691         335.7310269       
 0.3940000000         333.2087203         335.5646298       
 0.3950000000         333.0738287         335.4011593       
 0.3960000000         332.9416352         335.2405691       
 0.3970000000         332.8120819         335.0828131       
 0.3980000000         332.6851120         334.9278454       
 0.3990000000         332.5606693         334.7756200       
 0.4000000000         332.4386992         334.6260910       
 0.4010000000         332.3191476         334.4792130       
 0.4020000000         332.2019619         334.3349405       
 0.4030000000         332.0870901         334.1932286       
 0.4040000000         331.9744815         334.0540325       
 0.4050000000         331.8640864         333.9173079       
 0.4060000000         331.7558559         333.7830109       
 0.4070000000         331.6497424         333.6510980       
 0.4080000000         331.5456989         333.5215262       
 0.4090000000         331.4436799         333.3942528       
 0.4100000000         331.3436404         333.2692357       
 0.4110000000         331.2455366         333.1464335       
 0.4120000000         331.1493256         333.0258049       
 0.4130000000         331.0549654         332.9073096       
 0.4140000000         330.9624150         332.7909076       
 0.4150000000         330.8716342         332.6765595       
 0.4160000000         330.7825838         332.5642265       
 0.4170000000         330.6952253         332.4538703       
 0.4180000000         330.6095213         332.3454532       
 0.4190000000         330.5254351         332.2389383       
 0.4200000000         330.4429309         332.1342890       
 0.4210000000         330.3619737         332.0314695       
 0.4220000000         330.2825292         331.9304445       
 0.4230000000         330.2045641         331.8311793       
 0.4240000000         330.1280456         331.7336398       
 0.4250000000         330.0529419         331.6377926       
 0.4260000000         329.9792218         331.5436046       
 0.4270000000         329.9068549         331.4510436       
 0.4280000000         329.8358115         331.3600779       
 0.4290000000         329.7660625         331.2706763       
 0.4300000000         329.6975796         331.1828083       
 0.4310000000         329.6303352         331.0964437       
 0.4320000000         329.5643022         331.0115533       
 0.4330000000         329.4994541         330.9281080       
 0.4340000000         329.4357653         330.8460797       
 0.4350000000         329.3732106         330.7654404       
 0.4360000000         329.3117654         330.6861630       
 0.4370000000         329.2514057         330.6082207       
 0.4380000000         329.1921081         330.5315874       
 0.4390000000         329.1338498         330.4562374       
 0.4400000000         329.0766084         330.3821456       
 0.4410000000         329.0203622         330.3092872       
 0.4420000000         328.9650898         330.2376382       
 0.4430000000         328.9107705         330.1671749       
 0.4440000000         328.8573840         330.0978740       
 0.4450000000         328.8049105         330.0297129       
 0.4460000000         328.7533306         329.9626694       
 0.4470000000         328.7026256         329.8967215       
 0.4480000000         328.6527769         329.8318480       
 0.4490000000         328.6037666         329.7680280       
 0.4500000000         328.5555771         329.7052409       
 0.4510000000         328.5081912         329.6434667       
 0.4520000000         328.4615923         329.5826859       
 0.4530000000         328.4157638         329.5228790       
 0.4540000000         328.3706899         329.4640274       
 0.4550000000         328.3263550         329.4061126       
 0.4560000000         328.2827438         329.3491165       
 0.4570000000         328.2398415         329.2930214       
 0.4580000000         328.1976334         329.2378101       
 0.4590000000         328.1561055         329.1834656       
 0.4600000000         328.1152439         329.1299713       
 0.4610000000         328.0750350         329.0773109       
 0.4620000000         328.0354656         329.0254686       
 0.4630000000         327.9965228         328.9744288       
 0.4640000000         327.9581940         328.9241762       
 0.4650000000         327.9204668         328.8746960       
 0.4660000000         327.8833293         328.8259735       
 0.4670000000         327.8467696         328.7779944       
 0.4680000000         327.8107762         328.7307448       
 0.4690000000         327.7753380         328.6842109       
 0.4700000000         327.7404440         328.6383792       
 0.4710000000         327.7060833         328.5932368       
 0.4720000000         327.6722456         328.5487706       
 0.4730000000         327.6389206         328.5049681       
 0.4740000000         327.6060984         328.4618170       
 0.4750000000         327.5737690         328.4193053       
 0.4760000000         327.5419230         328.3774210       
 0.4770000000         327.5105511         328.3361526       
 0.4780000000         327.4796440         328.2954888       
 0.4790000000         327.4491929         328.2554185       
 0.4800000000         327.4191890         328.2159308       
 0.4810000000         327.3896238         328.1770152       
 0.4820000000         327.3604890         328.1386611       
 0.4830000000         327.3317763         328.1008583       
 0.4840000000         327.3034779         328.0635970       
 0.4850000000         327.2755859         328.0268673       
 0.4860000000         327.2480927         327.9906596       
 0.4870000000         327.2209908         327.9549645       
 0.4880000000         327.1942729         327.9197729       
 0.4890000000         327.1679319         327.8850758       
 0.4900000000         327.1419609         327.8508643       
 0.4910000000         327.1163529         327.8171298       
 0.4920000000         327.0911013         327.7838639       
 0.4930000000         327.0661996         327.7510582       
 0.4940000000         327.0416414         327.7187047       
 0.4950000000         327.0174204         327.6867954       
 0.4960000000         326.9935305         327.6553226       
 0.4970000000         326.9699657         327.6242785       
 0.4980000000         326.9467201         327.5936557       
 0.4990000000         326.9237881         327.5634469       
 0.5000000000         326.9011639         327.5336449       
 0.5010000000         326.8788421         327.5042428       
 0.5020000000         326.8568174         327.4752335       
 0.5030000000         326.8350844         327.4466103       
 0.5040000000         326.8136380         327.4183667       
 0.5050000000         326.7924732         327.3904961       
 0.5060000000         326.7715849         327.3629922       
 0.5070000000         326.7509685         327.3358487       
 0.5080000000         326.7306191         327.3090597       
 0.5090000000         326.7105321         327.2826189       
 0.5100000000         326.6907029         327.2565207       
 0.5110000000         326.6711272         327.2307592       
 0.5120000000         326.6518005         327.2053289       
 0.5130000000         326.6327185         327.1802241       
 0.5140000000         326.6138772         327.1554395       
 0.5150000000         326.5952724         327.1309698       
 0.5160000000         326.5769001         327.1068097       
 0.5170000000         326.5587564         327.0829542       
 0.5180000000         326.5408374         327.0593982       
 0.5190000000         326.5231393         327.0361369       
 0.5200000000         326.5056585         327.0131654       
 0.5210000000         326.4883913         326.9904789       
 0.5220000000         326.4713342         326.9680729       
 0.5230000000         326.4544837         326.9459429       
 0.5240000000         326.4378364         326.9240843       
 0.5250000000         326.4213889         326.9024928       
 0.5260000000         326.4051381         326.8811641       
 0.5270000000         326.3890805         326.8600940       
 0.5280000000         326.3732133         326.8392784       
 0.5290000000         326.3575331         326.8187132       
 0.5300000000         326.3420370         326.7983945       
 0.5310000000         326.3267221         326.7783183       
 0.5320000000         326.3115854         326.7584809       
 0.5330000000         326.2966241         326.7388784       
 0.5340000000         326.2818354         326.7195073       
 0.5350000000         326.2672166         326.7003638       
 0.5360000000         326.2527649         326.6814445       
 0.5370000000         326.2384777         326.6627459       
 0.5380000000         326.2243524         326.6442645       
 0.5390000000         326.2103865         326.6259970       
 0.5400000000         326.1965775         326.6079402       
 0.5410000000         326.1829230         326.5900907       
 0.5420000000         326.1694205         326.5724454       
 0.5430000000         326.1560678         326.5550013       
 0.5440000000         326.1428624         326.5377551       
 0.5450000000         326.1298022         326.5207040       
 0.5460000000         326.1168849         326.5038450       
 0.5470000000         326.1041084         326.4871753       
 0.5480000000         326.0914704         326.4706918       
 0.5490000000         326.0789690         326.4543920       
 0.5500000000         326.0666020         326.4382730       
 0.5510000000         326.0543674         326.4223321       
 0.5520000000         326.0422632         326.4065667       
 0.5530000000         326.0302876         326.3909743       
 0.5540000000         326.0184384         326.3755522       
 0.5550000000         326.0067140         326.3602980       
 0.5560000000         325.9951125         326.3452091       
 0.5570000000         325.9836319         326.3302833       
 0.5580000000         325.9722707         326.3155180       
 0.5590000000         325.9610269         326.3009111       
 0.5600000000         325.9498989         326.2864601       
 0.5610000000         325.9388851         326.2721629       
 0.5620000000         325.9279837         326.2580171       
 0.5630000000         325.9171931         326.2440208       
 0.5640000000         325.9065118         326.2301716       
 0.5650000000         325.8959382         326.2164676       
 0.5660000000         325.8854707         326.2029067       
 0.5670000000         325.8751078         326.1894867       
 0.5680000000         325.8648481         326.1762058       
 0.5690000000         325.8546900         326.1630620       
 0.5700000000         325.8446322         326.1500534       
 0.5710000000         325.8346732         326.1371780       
 0.5720000000         325.8248117         326.1244340       
 0.5730000000         325.8150462         326.1118196       
 0.5740000000         325.8053755         326.0993330       
 0.5750000000         325.7957983         326.0869724       
 0.5760000000         325.7863132         326.0747361       
 0.5770000000         325.7769189         326.0626223       
 0.5780000000         325.7676143         326.0506294       
 0.5790000000         325.7583981         326.0387558       
 0.5800000000         325.7492691         326.0269998       
 0.5810000000         325.7402262         326.0153598       
 0.5820000000         325.7312680         326.0038343       
 0.5830000000         325.7223936         325.9924216       
 0.5840000000         325.7136018         325.9811204       
 0.5850000000         325.7048914         325.9699290       
 0.5860000000         325.6962614         325.9588461       
 0.5870000000         325.6877107         325.9478701       
 0.5880000000         325.6792383         325.9369997       
 0.5890000000         325.6708431         325.9262334       
 0.5900000000         325.6625241         325.9155699       
 0.5910000000         325.6542804         325.9050079       
 0.5920000000         325.6461108         325.8945459       
 0.5930000000         325.6380145         325.8841827       
 0.5940000000         325.6299905         325.8739170       
 0.5950000000         325.6220379         325.8637475       
 0.5960000000         325.6141557         325.8536730       
 0.5970000000         325.6063430         325.8436923       
 0.5980000000         325.5985990         325.8338040       
 0.5990000000         325.5909227         325.8240072       
 0.6000000000         325.5833133         325.8143005       
 0.6010000000         325.5757700         325.8046828       
 0.6020000000         325.5682919         325.7951530       
 0.6030000000         325.5608782         325.7857100       
 0.6040000000         325.5535280         325.7763526       
 0.6050000000         325.5462407         325.7670798       
 0.6060000000         325.5390153         325.7578906       
 0.6070000000         325.5318512         325.7487838       
 0.6080000000         325.5247475         325.7397585       
 0.6090000000         325.5177036         325.7308136       
 0.6100000000         325.5107186         325.7219481       
 0.6110000000         325.5037919         325.7131611       
 0.6120000000         325.4969227         325.7044515       
 0.6130000000         325.4901104         325.6958184       
 0.6140000000         325.4833542         325.6872610       
 0.6150000000         325.4766535         325.6787781       
 0.6160000000         325.4700076         325.6703690       
 0.6170000000         325.4634158         325.6620327       
 0.6180000000         325.4568775         325.6537684       
 0.6190000000         325.4503921         325.6455751       
 0.6200000000         325.4439588         325.6374521       
 0.6210000000         325.4375772         325.6293984       
 0.6220000000         325.4312466         325.6214133       
 0.6230000000         325.4249663         325.6134959       
 0.6240000000         325.4187358         325.6056454       
 0.6250000000         325.4125546         325.5978610       
 0.6260000000         325.4064219         325.5901419       
 0.6270000000         325.4003373         325.5824874       
 0.6280000000         325.3943003         325.5748967       
 0.6290000000         325.3883101         325.5673690       
 0.6300000000         325.3823664         325.5599036       
 0.6310000000         325.3764686         325.5524998       
 0.6320000000         325.3706161         325.5451569       
 0.6330000000         325.3648085         325.5378741       
 0.6340000000         325.3590451         325.5306507       
 0.6350000000         325.3533256         325.5234861       
 0.6360000000         325.3476494         325.5163796       
 0.6370000000         325.3420161         325.5093306       
 0.6380000000         325.3364251         325.5023382       
 0.6390000000         325.3308760         325.4954020       
 0.6400000000         325.3253683         325.4885213       
 0.6410000000         325.3199015         325.4816954       
 0.6420000000         325.3144753         325.4749237       
 0.6430000000         325.3090890         325.4682057       
 0.6440000000         325.3037424         325.4615406       
 0.6450000000         325.2984350         325.4549279       
 0.6460000000         325.2931663         325.4483671       
 0.6470000000         325.2879359         325.4418575       
 0.6480000000         325.2827434         325.4353986       
 0.6490000000         325.2775884         325.4289898       
 0.6500000000         325.2724705         325.4226305       
 0.6510000000         325.2673893         325.4163203       
 0.6520000000         325.2623444         325.4100585       
 0.6530000000         325.2573354         325.4038447       
 0.6540000000         325.2523619         325.3976783       
 0.6550000000         325.2474235         325.3915587       
 0.6560000000         325.2425199         325.3854856       
 0.6570000000         325.2376507         325.3794583       
 0.6580000000         325.2328155         325.3734765       
 0.6590000000         325.2280140         325.3675395       
 0.6600000000         325.2232459         325.3616469       
 0.6610000000         325.2185107         325.3557983       
 0.6620000000         325.2138082         325.3499932       
 0.6630000000         325.2091379         325.3442310       
 0.6640000000         325.2044996         325.3385114       
 0.6650000000         325.1998930         325.3328339       
 0.6660000000         325.1953177         325.3271981       
 0.6670000000         325.1907733         325.3216034       
 0.6680000000         325.1862596         325.3160496       
 0.6690000000         325.1817763         325.3105360       
 0.6700000000         325.1773231         325.3050625       
 0.6710000000         325.1728996         325.2996284       
 0.6720000000         325.1685055         325.2942334       
 0.6730000000         325.1641406         325.2888772       
 0.6740000000         325.1598045         325.2835592       
 0.6750000000         325.1554971         325.2782791       
 0.6760000000         325.1512179         325.2730366       
 0.6770000000         325.1469667         325.2678311       
 0.6780000000         325.1427432         325.2626625       
 0.6790000000         325.1385473         325.2575302       
 0.6800000000         325.1343784         325.2524339       
 0.6810000000         325.1302366         325.2473732       
 0.6820000000         325.1261213         325.2423478       
 0.6830000000         325.1220325         325.2373574       
 0.6840000000         325.1179698         325.2324015       
 0.6850000000         325.1139330         325.2274799       
 0.6860000000         325.1099219         325.2225921       
 0.6870000000         325.1059361         325.2177379       
 0.6880000000         325.1019755         325.2129169       
 0.6890000000         325.0980398         325.2081288       
 0.6900000000         325.0941288         325.2033732       
 0.6910000000         325.0902422         325.1986499       
 0.6920000000         325.0863798         325.1939585       
 0.6930000000         325.0825414         325.1892988       
 0.6940000000         325.0787268         325.1846703       
 0.6950000000         325.0749357         325.1800728       
 0.6960000000         325.0711679         325.1755060       
 0.6970000000         325.0674231         325.1709696       
 0.6980000000         325.0637013         325.1664634       
 0.6990000000         325.0600021         325.1619869       
 0.7000000000         325.0563254         325.1575400       
 0.7010000000         325.0526710         325.1531223       
 0.7020000000         325.0490385         325.1487335       
 0.7030000000         325.0454280         325.1443735       
 0.7040000000         325.0418390         325.1400419       
 0.7050000000         325.0382716         325.1357384       
 0.7060000000         325.0347253         325.1314628       
 0.7070000000         325.0312002         325.1272148       
 0.7080000000         325.0276959         325.1229942       
 0.7090000000         325.0242123         325.1188007       
 0.7100000000         325.0207492         325.1146340       
 0.7110000000         325.0173064         325.1104939       
 0.7120000000         325.0138837         325.1063802       
 0.7130000000         325.0104810         325.1022926       
 0.7140000000         325.0070981         325.0982309       
 0.7150000000         325.0037348         325.0941947       
 0.7160000000         325.0003909         325.0901840       
 0.7170000000         324.9970663         325.0861984       
 0.7180000000         324.9937607         325.0822378       
 0.7190000000         324.9904741         325.0783018       
 0.7200000000         324.9872063         325.0743904       
 0.7210000000         324.9839571         325.0705031       
 0.7220000000         324.9807263         325.0666400       
 0.7230000000         324.9775138         325.0628006       
 0.7240000000         324.9743194         325.0589848       
 0.7250000000         324.9711429         325.0551924       
 0.7260000000         324.9679843         325.0514233       
 0.7270000000         324.9648434         325.0476770       
 0.7280000000         324.9617199         325.0439536       
 0.7290000000         324.9586139         325.0402527       
 0.7300000000         324.9555250         325.0365742       
 0.7310000000         324.9524533         325.0329178       
 0.7320000000         324.9493984         325.0292835       
 0.7330000000         324.9463604         325.0256709       
 0.7340000000         324.9433389         325.0220799       
 0.7350000000         324.9403341         325.0185103       
 0.7360000000         324.9373455         325.0149619       
 0.7370000000         324.9343732         325.0114345       
 0.7380000000         324.9314171         325.0079280       
 0.7390000000         324.9284769         325.0044422       
 0.7400000000         324.9255525         325.0009768       
 0.7410000000         324.9226438         324.9975318       
 0.7420000000         324.9197508         324.9941069       
 0.7430000000         324.9168732         324.9907019       
 0.7440000000         324.9140109         324.9873168       
 0.7450000000         324.9111638         324.9839513       
 0.7460000000         324.9083318         324.9806052       
 0.7470000000         324.9055148         324.9772785       
 0.7480000000         324.9027126         324.9739709       
 0.7490000000         324.8999252         324.9706822       
 0.7500000000         324.8971523         324.9674124       
 0.7510000000         324.8943940         324.9641612       
 0.7520000000         324.8916500         324.9609285       
 0.7530000000         324.8889203         324.9577142       
 0.7540000000         324.8862047         324.9545180       
 0.7550000000         324.8835032         324.9513399       
 0.7560000000         324.8808156         324.9481797       
 0.7570000000         324.8781419         324.9450372       
 0.7580000000         324.8754818         324.9419123       
 0.7590000000         324.8728354         324.9388049       
 0.7600000000         324.8702025         324.9357148       
 0.7610000000         324.8675829         324.9326418       
 0.7620000000         324.8649767         324.9295859       
 0.7630000000         324.8623836         324.9265469       
 0.7640000000         324.8598037         324.9235246       
 0.7650000000         324.8572367         324.9205190       
 0.7660000000         324.8546827         324.9175298       
 0.7670000000         324.8521414         324.9145570       
 0.7680000000         324.8496128         324.9116004       
 0.7690000000         324.8470968         324.9086599       
 0.7700000000         324.8445934         324.9057353       
 0.7710000000         324.8421023         324.9028266       
 0.7720000000         324.8396236         324.8999336       
 0.7730000000         324.8371571         324.8970562       
 0.7740000000         324.8347028         324.8941942       
 0.7750000000         324.8322605         324.8913476       
 0.7760000000         324.8298301         324.8885162       
 0.7770000000         324.8274116         324.8856999       
 0.7780000000         324.8250049         324.8828986       
 0.7790000000         324.8226099         324.8801121       
 0.7800000000         324.8202265         324.8773404       
 0.7810000000         324.8178547         324.8745833       
 0.7820000000         324.8154943         324.8718408       
 0.7830000000         324.8131452         324.8691126       
 0.7840000000         324.8108074         324.8663988       
 0.7850000000         324.8084808         324.8636991       
 0.7860000000         324.8061654         324.8610135       
 0.7870000000         324.8038609         324.8583419       
 0.7880000000         324.8015674         324.8556842       
 0.7890000000         324.7992848         324.8530402       
 0.7900000000         324.7970130         324.8504098       
 0.7910000000         324.7947519         324.8477930       
 0.7920000000         324.7925015         324.8451897       
 0.7930000000         324.7902616         324.8425997       
 0.7940000000         324.7880322         324.8400230       
 0.7950000000         324.7858133         324.8374594       
 0.7960000000         324.7836047         324.8349088       
 0.7970000000         324.7814064         324.8323712       
 0.7980000000         324.7792183         324.8298465       
 0.7990000000         324.7770403         324.8273345       
 0.8000000000         324.7748724         324.8248352       
 0.8010000000         324.7727144         324.8223484       
 0.8020000000         324.7705664         324.8198742       
 0.8030000000         324.7684283         324.8174123       
 0.8040000000         324.7662999         324.8149627       
 0.8050000000         324.7641813         324.8125253       
 0.8060000000         324.7620723         324.8101000       
 0.8070000000         324.7599729         324.8076868       
 0.8080000000         324.7578831         324.8052855       
 0.8090000000         324.7558027         324.8028960       
 0.8100000000         324.7537316         324.8005184       
 0.8110000000         324.7516700         324.7981524       
 0.8120000000         324.7496176         324.7957980       
 0.8130000000         324.7475744         324.7934551       
 0.8140000000         324.7455403         324.7911236       
 0.8150000000         324.7435153         324.7888035       
 0.8160000000         324.7414994         324.7864947       
 0.8170000000         324.7394924         324.7841971       
 0.8180000000         324.7374943         324.7819105       
 0.8190000000         324.7355050         324.7796350       
 0.8200000000         324.7335246         324.7773705       
 0.8210000000         324.7315529         324.7751168       
 0.8220000000         324.7295898         324.7728740       
 0.8230000000         324.7276353         324.7706418       
 0.8240000000         324.7256895         324.7684203       
 0.8250000000         324.7237521         324.7662094       
 0.8260000000         324.7218231         324.7640090       
 0.8270000000         324.7199026         324.7618190       
 0.8280000000         324.7179904         324.7596394       
 0.8290000000         324.7160865         324.7574700       
 0.8300000000         324.7141908         324.7553109       
 0.8310000000         324.7123032         324.7531619       
 0.8320000000         324.7104238         324.7510230       
 0.8330000000         324.7085525         324.7488941       
 0.8340000000         324.7066892         324.7467751       
 0.8350000000         324.7048339         324.7446660       
 0.8360000000         324.7029865         324.7425666       
 0.8370000000         324.7011469         324.7404771       
 0.8380000000         324.6993152         324.7383971       
 0.8390000000         324.6974912         324.7363268       
 0.8400000000         324.6956750         324.7342661       
 0.8410000000         324.6938665         324.7322148       
 0.8420000000         324.6920655         324.7301729       
 0.8430000000         324.6902722         324.7281403       
 0.8440000000         324.6884863         324.7261171       
 0.8450000000         324.6867080         324.7241030       
 0.8460000000         324.6849371         324.7220981       
 0.8470000000         324.6831736         324.7201023       
 0.8480000000         324.6814174         324.7181156       
 0.8490000000         324.6796685         324.7161378       
 0.8500000000         324.6779269         324.7141690       
 0.8510000000         324.6761925         324.7122090       
 0.8520000000         324.6744653         324.7102578       
 0.8530000000         324.6727451         324.7083154       
 0.8540000000         324.6710321         324.7063817       
 0.8550000000         324.6693261         324.7044566       
 0.8560000000         324.6676271         324.7025400       
 0.8570000000         324.6659350         324.7006320       
 0.8580000000         324.6642499         324.6987324       
 0.8590000000         324.6625716         324.6968413       
 0.8600000000         324.6609001         324.6949585       
 0.8610000000         324.6592355         324.6930840       
 0.8620000000         324.6575775         324.6912178       
 0.8630000000         324.6559263         324.6893597       
 0.8640000000         324.6542818         324.6875098       
 0.8650000000         324.6526438         324.6856680       
 0.8660000000         324.6510125         324.6838343       
 0.8670000000         324.6493877         324.6820085       
 0.8680000000         324.6477694         324.6801906       
 0.8690000000         324.6461576         324.6783807       
 0.8700000000         324.6445522         324.6765785       
 0.8710000000         324.6429532         324.6747842       
 0.8720000000         324.6413606         324.6729976       
 0.8730000000         324.6397742         324.6712187       
 0.8740000000         324.6381942         324.6694474       
 0.8750000000         324.6366204         324.6676838       
 0.8760000000         324.6350528         324.6659276       
 0.8770000000         324.6334914         324.6641790       
 0.8780000000         324.6319362         324.6624378       
 0.8790000000         324.6303870         324.6607041       
 0.8800000000         324.6288439         324.6589777       
 0.8810000000         324.6273069         324.6572586       
 0.8820000000         324.6257758         324.6555468       
 0.8830000000         324.6242507         324.6538422       
 0.8840000000         324.6227315         324.6521448       
 0.8850000000         324.6212183         324.6504545       
 0.8860000000         324.6197109         324.6487713       
 0.8870000000         324.6182093         324.6470952       
 0.8880000000         324.6167135         324.6454261       
 0.8890000000         324.6152235         324.6437639       
 0.8900000000         324.6137392         324.6421087       
 0.8910000000         324.6122606         324.6404604       
 0.8920000000         324.6107877         324.6388189       
 0.8930000000         324.6093205         324.6371841       
 0.8940000000         324.6078588         324.6355562       
 0.8950000000         324.6064027         324.6339350       
 0.8960000000         324.6049521         324.6323204       
 0.8970000000         324.6035071         324.6307125       
 0.8980000000         324.6020675         324.6291112       
 0.8990000000         324.6006334         324.6275164       
