
          -------------------------------------------------------
          Amber 14 SANDER                              2014
          -------------------------------------------------------

| Run on 03/11/2023 at 15:43:55

|   Executable path: /home/nn320/amber14/bin/sander
| Working directory: /sharedscratch/nn320/softwarewales/nicyexample/6DimerBasinHopping/amberInput/1sander
|          Hostname: nest.ch.private.cam.ac.uk

  [-O]verwriting output

File Assignments:
|  MDIN: md_min.in                                                             
| MDOUT: min.out                                                               
|INPCRD: old_coords.inpcrd                                                     
|  PARM: old_coords.prmtop                                                     
|RESTRT: min.ncrst                                                             
|  REFC: refc                                                                  
| MDVEL: mdvel                                                                 
| MDFRC: mdfrc                                                                 
|  MDEN: mden                                                                  
| MDCRD: mdcrd                                                                 
|MDINFO: mdinfo                                                                
|  MTMD: mtmd                                                                  
|INPDIP: inpdip                                                                
|RSTDIP: rstdip                                                                
|INPTRA: inptraj                                                               


 Here is the input file:

Minimization                                                                   
&cntrl                                                                         
  imin = 1,                                                                    
  ncyc = 1000,                                                                 
  maxcyc = 2000,                                                               
  igb=8, saltcon=0.1,                                                          
  ntb    = 0,                                                                  
  ntpr=100,                                                                    
  cut    = 999.0,                                                              
  rgbmax = 25.0                                                                
  /                                                                            

--------------------------------------------------------------------------------
   1.  RESOURCE   USE: 
--------------------------------------------------------------------------------

| Flags:                                                                        
| New format PARM file being parsed.
| Version =    1.000 Date = 03/11/23 Time = 15:41:15
 NATOM  =     220 NTYPES =      10 NBONH =      98 MBONA  =     128
 NTHETH =     208 MTHETA =     172 NPHIH =     456 MPHIA  =     350
 NHPARM =       0 NPARM  =       0 NNB   =    1144 NRES   =      16
 NBONA  =     128 NTHETA =     172 NPHIA =     350 NUMBND =      14
 NUMANG =      26 NPTRA  =      21 NATYP =      11 NPHB   =       0
 IFBOX  =       0 NMXRS  =      21 IFCAP =       0 NEXTRA =       0
 NCOPY  =       0

 Implicit solvent radii are ArgH and AspGluO modified Bondi2 radii (mbondi3)                                
 Replacing prmtop screening parameters with GBn2 (igb=8) values

|     Memory Use     Allocated
|     Real               21992
|     Hollerith            678
|     Integer            31305
|     Max Pairs              1
|     nblistReal             0
|     nblist Int             0
|       Total              296 kbytes

| Note: 1-4 EEL scale factors are being read from the topology file.

| Note: 1-4 VDW scale factors are being read from the topology file.
| Duplicated    0 dihedrals
| Duplicated    0 dihedrals

--------------------------------------------------------------------------------
   2.  CONTROL  DATA  FOR  THE  RUN
--------------------------------------------------------------------------------

default_name                                                                    

General flags:
     imin    =       1, nmropt  =       0

Nature and format of input:
     ntx     =       1, irest   =       0, ntrx    =       1

Nature and format of output:
     ntxo    =       1, ntpr    =     100, ntrx    =       1, ntwr    =     500
     iwrap   =       0, ntwx    =       0, ntwv    =       0, ntwe    =       0
     ioutfm  =       0, ntwprt  =       0, idecomp =       0, rbornstat=      0

Potential function:
     ntf     =       1, ntb     =       0, igb     =       8, nsnb    =      25
     ipol    =       0, gbsa    =       0, iesp    =       0
     dielc   =   1.00000, cut     = 999.00000, intdiel =   1.00000
     saltcon =   0.10000, offset  =   0.19514, surften =   0.00500
     rdt     =   0.00000, rgbmax  =  25.00000  extdiel =  78.50000
     alpb  =        0
     gbalphaH  =   0.78844, gbbetaH   =   0.79870,  gbgammaH  =    0.43733
     gbalphaC  =   0.73376, gbbetaC   =   0.50638,  gbgammaC  =    0.20584
     gbalphaN  =   0.50336, gbbetaN   =   0.31683,  gbgammaN  =    0.19292
     gbalphaOS =   0.86781, gbbetaOS  =   0.87664,  gbgammaOS =    0.38788
     gbalphaP  =   1.00000, gbbetaP   =   0.80000,  gbgammaP  =    4.85000
     gb_alpha_hnu  =   0.53705, gb_beta_hnu   =   0.36286,  gb_gamma_hnu  =    0.11670
     gb_alpha_cnu  =   0.33167, gb_beta_cnu   =   0.19684,  gb_gamma_cnu  =    0.09342
     gb_alpha_nnu  =   0.68631, gb_beta_nnu   =   0.46319,  gb_gamma_nnu  =    0.13872
     gb_alpha_onu  =   0.60634, gb_beta_onu   =   0.46301,  gb_gamma_onu  =    0.14226
     gb_alpha_pnu  =   0.41836, gb_beta_pnu   =   0.29005,  gb_gamma_pnu  =    0.10642

Frozen or restrained atoms:
     ibelly  =       0, ntr     =       0

Energy minimization:
     maxcyc  =    2000, ncyc    =    1000, ntmin   =       1
     dx0     =   0.01000, drms    =   0.00010
|  INFO: Old style inpcrd file read


--------------------------------------------------------------------------------
   3.  ATOMIC COORDINATES AND VELOCITIES
--------------------------------------------------------------------------------

default_name                                                                    
 begin time read from input coords =     0.000 ps

 Number of triangulated 3-point waters found:        0

--------------------------------------------------------------------------------
   4.  RESULTS
--------------------------------------------------------------------------------



   NSTEP       ENERGY          RMS            GMAX         NAME    NUMBER
      1      -3.0581E+02     3.7767E-01     1.2044E+00     CD2        24

 BOND    =        5.3935  ANGLE   =        6.5181  DIHED      =       68.4969
 VDWAALS =      -46.4242  EEL     =     -915.0461  EGB        =     -139.5077
 1-4 VDW =       51.6137  1-4 EEL =      663.1436  RESTRAINT  =        0.0000


   NSTEP       ENERGY          RMS            GMAX         NAME    NUMBER
    100      -3.0586E+02     1.9558E-02     7.5284E-02     HH33      220

 BOND    =        5.2968  ANGLE   =        6.5763  DIHED      =       68.4880
 VDWAALS =      -46.4557  EEL     =     -914.8340  EGB        =     -139.4710
 1-4 VDW =       51.5805  1-4 EEL =      662.9624  RESTRAINT  =        0.0000


   NSTEP       ENERGY          RMS            GMAX         NAME    NUMBER
    200      -3.0587E+02     7.2898E-02     5.0342E-01     C         213

 BOND    =        5.2930  ANGLE   =        6.5754  DIHED      =       68.4849
 VDWAALS =      -46.4809  EEL     =     -914.8407  EGB        =     -139.4583
 1-4 VDW =       51.5810  1-4 EEL =      662.9709  RESTRAINT  =        0.0000


   NSTEP       ENERGY          RMS            GMAX         NAME    NUMBER
    300      -3.0589E+02     6.8208E-02     3.8191E-01     C         213

 BOND    =        5.2956  ANGLE   =        6.5711  DIHED      =       68.4821
 VDWAALS =      -46.5058  EEL     =     -914.8586  EGB        =     -139.4445
 1-4 VDW =       51.5810  1-4 EEL =      662.9864  RESTRAINT  =        0.0000


   NSTEP       ENERGY          RMS            GMAX         NAME    NUMBER
    400      -3.0591E+02     4.8513E-02     2.7099E-01     CZ         75

 BOND    =        5.2924  ANGLE   =        6.5697  DIHED      =       68.4792
 VDWAALS =      -46.5313  EEL     =     -914.8672  EGB        =     -139.4336
 1-4 VDW =       51.5826  1-4 EEL =      662.9970  RESTRAINT  =        0.0000


   NSTEP       ENERGY          RMS            GMAX         NAME    NUMBER
    500      -3.0593E+02     4.3441E-02     2.2507E-01     CG        180

 BOND    =        5.2915  ANGLE   =        6.5665  DIHED      =       68.4764
 VDWAALS =      -46.5571  EEL     =     -914.8768  EGB        =     -139.4203
 1-4 VDW =       51.5831  1-4 EEL =      663.0074  RESTRAINT  =        0.0000


   NSTEP       ENERGY          RMS            GMAX         NAME    NUMBER
    600      -3.0595E+02     1.8140E-02     6.7169E-02     HH33      220

 BOND    =        5.2904  ANGLE   =        6.5645  DIHED      =       68.4740
 VDWAALS =      -46.5817  EEL     =     -914.8840  EGB        =     -139.4092
 1-4 VDW =       51.5832  1-4 EEL =      663.0162  RESTRAINT  =        0.0000


   NSTEP       ENERGY          RMS            GMAX         NAME    NUMBER
    700      -3.0596E+02     2.4224E-02     1.0574E-01     CD2        80

 BOND    =        5.2898  ANGLE   =        6.5622  DIHED      =       68.4716
 VDWAALS =      -46.6067  EEL     =     -914.8907  EGB        =     -139.3974
 1-4 VDW =       51.5831  1-4 EEL =      663.0245  RESTRAINT  =        0.0000


   NSTEP       ENERGY          RMS            GMAX         NAME    NUMBER
    800      -3.0598E+02     6.4606E-02     3.2921E-01     CD2        80

 BOND    =        5.2888  ANGLE   =        6.5601  DIHED      =       68.4694
 VDWAALS =      -46.6315  EEL     =     -914.8970  EGB        =     -139.3849
 1-4 VDW =       51.5829  1-4 EEL =      663.0324  RESTRAINT  =        0.0000


   NSTEP       ENERGY          RMS            GMAX         NAME    NUMBER
    900      -3.0600E+02     5.7942E-02     4.3101E-01     C         192

 BOND    =        5.2907  ANGLE   =        6.5562  DIHED      =       68.4673
 VDWAALS =      -46.6567  EEL     =     -914.9002  EGB        =     -139.3758
 1-4 VDW =       51.5824  1-4 EEL =      663.0388  RESTRAINT  =        0.0000


   NSTEP       ENERGY          RMS            GMAX         NAME    NUMBER
   1000      -3.0601E+02     4.4378E-02     2.8863E-01     N         194

 BOND    =        5.2873  ANGLE   =        6.5572  DIHED      =       68.4653
 VDWAALS =      -46.6820  EEL     =     -914.9072  EGB        =     -139.3626
 1-4 VDW =       51.5817  1-4 EEL =      663.0468  RESTRAINT  =        0.0000


   NSTEP       ENERGY          RMS            GMAX         NAME    NUMBER
   1100      -3.0654E+02     2.6838E-02     1.0158E-01     HH32      109

 BOND    =        5.2834  ANGLE   =        6.5322  DIHED      =       68.5104
 VDWAALS =      -47.8755  EEL     =     -914.8514  EGB        =     -138.8501
 1-4 VDW =       51.5221  1-4 EEL =      663.1867  RESTRAINT  =        0.0000


   NSTEP       ENERGY          RMS            GMAX         NAME    NUMBER
   1200      -3.0657E+02     2.2863E-02     1.0272E-01     CH3       217

 BOND    =        5.2752  ANGLE   =        6.5248  DIHED      =       68.5226
 VDWAALS =      -47.9251  EEL     =     -914.8937  EGB        =     -138.8545
 1-4 VDW =       51.5176  1-4 EEL =      663.2594  RESTRAINT  =        0.0000


   NSTEP       ENERGY          RMS            GMAX         NAME    NUMBER
   1300      -3.0661E+02     2.1438E-02     8.3471E-02     HH32      109

 BOND    =        5.2673  ANGLE   =        6.5219  DIHED      =       68.5308
 VDWAALS =      -47.9777  EEL     =     -914.9070  EGB        =     -138.8500
 1-4 VDW =       51.5182  1-4 EEL =      663.2909  RESTRAINT  =        0.0000


   NSTEP       ENERGY          RMS            GMAX         NAME    NUMBER
   1400      -3.0664E+02     3.6954E-02     1.6169E-01     CH3       217

 BOND    =        5.2550  ANGLE   =        6.4961  DIHED      =       68.5349
 VDWAALS =      -48.0353  EEL     =     -914.9418  EGB        =     -138.8300
 1-4 VDW =       51.5400  1-4 EEL =      663.3378  RESTRAINT  =        0.0000


   NSTEP       ENERGY          RMS            GMAX         NAME    NUMBER
   1500      -3.0667E+02     3.2950E-02     1.4288E-01     CB         67

 BOND    =        5.2597  ANGLE   =        6.4960  DIHED      =       68.5398
 VDWAALS =      -48.0857  EEL     =     -914.9556  EGB        =     -138.8069
 1-4 VDW =       51.5320  1-4 EEL =      663.3485  RESTRAINT  =        0.0000


   NSTEP       ENERGY          RMS            GMAX         NAME    NUMBER
   1600      -3.0671E+02     2.0414E-02     9.1651E-02     CB        198

 BOND    =        5.2515  ANGLE   =        6.4879  DIHED      =       68.5428
 VDWAALS =      -48.1502  EEL     =     -914.9795  EGB        =     -138.7764
 1-4 VDW =       51.5447  1-4 EEL =      663.3692  RESTRAINT  =        0.0000


   NSTEP       ENERGY          RMS            GMAX         NAME    NUMBER
   1700      -3.0674E+02     1.6100E-02     6.2424E-02     HB2        68

 BOND    =        5.2452  ANGLE   =        6.4887  DIHED      =       68.5456
 VDWAALS =      -48.2097  EEL     =     -914.9921  EGB        =     -138.7521
 1-4 VDW =       51.5477  1-4 EEL =      663.3834  RESTRAINT  =        0.0000


   NSTEP       ENERGY          RMS            GMAX         NAME    NUMBER
   1800      -3.0678E+02     1.3591E-02     6.1723E-02     HB3       179

 BOND    =        5.2488  ANGLE   =        6.4886  DIHED      =       68.5500
 VDWAALS =      -48.2709  EEL     =     -915.0052  EGB        =     -138.7260
 1-4 VDW =       51.5435  1-4 EEL =      663.3939  RESTRAINT  =        0.0000


   NSTEP       ENERGY          RMS            GMAX         NAME    NUMBER
   1900      -3.0681E+02     2.9846E-02     1.0093E-01     HB2       178

 BOND    =        5.2215  ANGLE   =        6.4789  DIHED      =       68.5517
 VDWAALS =      -48.3224  EEL     =     -915.0229  EGB        =     -138.6957
 1-4 VDW =       51.5621  1-4 EEL =      663.4213  RESTRAINT  =        0.0000


   NSTEP       ENERGY          RMS            GMAX         NAME    NUMBER
   2000      -3.0683E+02     1.6303E-02     6.2183E-02     HB2        68

 BOND    =        5.2413  ANGLE   =        6.4824  DIHED      =       68.5532
 VDWAALS =      -48.3715  EEL     =     -915.0337  EGB        =     -138.6782
 1-4 VDW =       51.5481  1-4 EEL =      663.4247  RESTRAINT  =        0.0000


  Maximum number of minimization cycles reached.


                    FINAL RESULTS



   NSTEP       ENERGY          RMS            GMAX         NAME    NUMBER
   2000      -3.0683E+02     1.6303E-02     6.2183E-02     HB2        68

 BOND    =        5.2413  ANGLE   =        6.4824  DIHED      =       68.5532
 VDWAALS =      -48.3715  EEL     =     -915.0337  EGB        =     -138.6782
 1-4 VDW =       51.5481  1-4 EEL =      663.4247  RESTRAINT  =        0.0000

--------------------------------------------------------------------------------
   5.  TIMINGS
--------------------------------------------------------------------------------

|    Read coords time           0.00 ( 0.03% of Total)
|                Calc gb radii              1.45 (19.83% of Gen B)
|                Calc gb diag               2.60 (35.64% of Gen B)
|                Calc gb off-diag           3.24 (44.52% of Gen B)
|                Other                      0.00 ( 0.01% of Gen B)
|             Gen Born time              7.29 (100.0% of Nonbo)
|          Nonbond force              7.29 (95.05% of Force)
|          Bond/Angle/Dihedral        0.38 ( 4.93% of Force)
|          Other                      0.00 ( 0.02% of Force)
|       Force time                 7.67 (100.0% of Runmd)
|    Runmd Time                 7.67 (99.41% of Total)
|    Other                      0.04 ( 0.55% of Total)
| Total time                 7.71 (100.0% of ALL  )

| Number of list builds   :          0

| Highest rstack allocated:          0
| Highest istack allocated:          0
|           Job began  at 15:43:55.430  on 03/11/2023
|           Setup done at 15:43:55.444  on 03/11/2023
|           Run   done at 15:44:03.144  on 03/11/2023
|     wallclock() was called   36028 times
