   0.10000E-01           NaN   0.10591        124.61       0.99915    
   0.20000E-01   0.13367        3.6991        124.60       0.97031    
   0.30000E-01   0.31089        11.437        124.09       0.90784    
   0.40000E-01   0.47944        19.375        119.89       0.83839    
   0.50000E-01   0.68958        25.937        108.42       0.76078    
   0.60000E-01   0.94396        30.636        92.125       0.66746    
   0.70000E-01    1.1912        33.378        76.446       0.56338    
   0.80000E-01    1.3888        34.486        64.077       0.46181    
   0.90000E-01    1.5285        34.504        55.044       0.37316    
   0.10000        1.6227        33.924        48.536       0.30106    
   0.11000        1.6876        33.071        43.774       0.24452    
   0.12000        1.7358        32.123        40.192       0.20075    
   0.13000        1.7760        31.163        37.404       0.16684    
   0.14000        1.8137        30.219        35.152       0.14033    
   0.15000        1.8525        29.290        33.258       0.11932    
   0.16000        1.8949        28.362        31.598       0.10240    
   0.17000        1.9428        27.417        30.079       0.88526E-01
   0.18000        1.9979        26.430        28.633       0.76948E-01
   0.19000        2.0624        25.377        27.202       0.67101E-01
   0.20000        2.1394        24.232        25.739       0.58563E-01
   0.21000        2.2326        22.967        24.202       0.51013E-01
   0.22000        2.3468        21.555        22.552       0.44206E-01
   0.23000        2.4868        19.970        20.758       0.37960E-01
   0.24000        2.6563        18.199        18.804       0.32154E-01
   0.25000        2.8557        16.251        16.697       0.26736E-01
   0.26000        3.0806        14.166        14.480       0.21718E-01
   0.27000        3.3204        12.026        12.236       0.17172E-01
   0.28000        3.5603        9.9384        10.071       0.13192E-01
   0.29000        3.7847        8.0141        8.0939       0.98557E-02
   0.30000        3.9817        6.3369        6.3827       0.71841E-02
   0.31000        4.1457        4.9466        4.9722       0.51362E-02
   0.32000        4.2765        3.8408        3.8548       0.36233E-02
   0.33000        4.3780        2.9876        2.9952       0.25368E-02
   0.34000        4.4556        2.3425        2.3466       0.17720E-02
   0.35000        4.5149        1.8600        1.8623       0.12399E-02
   0.36000        4.5606        1.5005        1.5018       0.87179E-03
   0.37000        4.5964        1.2319        1.2327       0.61734E-03
   0.38000        4.6249        1.0302        1.0306       0.44093E-03
   0.39000        4.6484       0.87713       0.87741       0.31794E-03
   0.40000        4.6681       0.75976       0.75994       0.23158E-03
   0.41000        4.6852       0.66864       0.66875       0.17042E-03
   0.42000        4.7002       0.59698       0.59706       0.12671E-03
   0.43000        4.7138       0.53990       0.53995       0.95184E-04
   0.44000        4.7263       0.49385       0.49389       0.72217E-04
   0.45000        4.7379       0.45625       0.45627       0.55326E-04
   0.46000        4.7488       0.42518       0.42520       0.42785E-04
   0.47000        4.7591       0.39922       0.39924       0.33387E-04
   0.48000        4.7690       0.37732       0.37733       0.26280E-04
   0.49000        4.7784       0.35865       0.35866       0.20859E-04
   0.50000        4.7876       0.34261       0.34262       0.16688E-04
   0.51000        4.7964       0.32870       0.32871       0.13454E-04
   0.52000        4.8049       0.31656       0.31656       0.10925E-04
   0.53000        4.8131       0.30587       0.30588       0.89334E-05
   0.54000        4.8211       0.29642       0.29642       0.73536E-05
   0.55000        4.8288       0.28799       0.28800       0.60916E-05
   0.56000        4.8363       0.28045       0.28045       0.50768E-05
   0.57000        4.8436       0.27367       0.27367       0.42556E-05
   0.58000        4.8506       0.26753       0.26753       0.35870E-05
   0.59000        4.8574       0.26195       0.26195       0.30395E-05
   0.60000        4.8640       0.25686       0.25686       0.25886E-05
   0.61000        4.8704       0.25221       0.25221       0.22152E-05
   0.62000        4.8766       0.24793       0.24793       0.19045E-05
   0.63000        4.8826       0.24398       0.24398       0.16447E-05
   0.64000        4.8884       0.24033       0.24033       0.14263E-05
   0.65000        4.8941       0.23694       0.23694       0.12419E-05
   0.66000        4.8995       0.23379       0.23379       0.10857E-05
   0.67000        4.9048       0.23085       0.23085       0.95259E-06
   0.68000        4.9099       0.22810       0.22810       0.83883E-06
   0.69000        4.9148       0.22552       0.22552       0.74121E-06
   0.70000        4.9196       0.22310       0.22310       0.65712E-06
   0.71000        4.9242       0.22083       0.22083       0.58442E-06
   0.72000        4.9287       0.21868       0.21868       0.52136E-06
   0.73000        4.9330       0.21665       0.21665       0.46648E-06
   0.74000        4.9372       0.21473       0.21473       0.41855E-06
   0.75000        4.9412       0.21290       0.21290       0.37657E-06
   0.76000        4.9451       0.21117       0.21117       0.33969E-06
   0.77000        4.9489       0.20953       0.20953       0.30720E-06
   0.78000        4.9526       0.20796       0.20796       0.27850E-06
   0.79000        4.9561       0.20646       0.20646       0.25307E-06
   0.80000        4.9595       0.20503       0.20503       0.23048E-06
   0.81000        4.9628       0.20367       0.20367       0.21037E-06
   0.82000        4.9660       0.20236       0.20236       0.19243E-06
   0.83000        4.9691       0.20110       0.20110       0.17637E-06
   0.84000        4.9721       0.19990       0.19990       0.16197E-06
   0.85000        4.9750       0.19874       0.19874       0.14903E-06
   0.86000        4.9778       0.19763       0.19763       0.13738E-06
   0.87000        4.9805       0.19656       0.19656       0.12686E-06
   0.88000        4.9831       0.19553       0.19553       0.11735E-06
   0.89000        4.9856       0.19454       0.19454       0.10874E-06
   0.90000        4.9881       0.19358       0.19358       0.10092E-06
   0.91000        4.9904       0.19265       0.19265       0.93812E-07
   0.92000        4.9927       0.19176       0.19176       0.87336E-07
   0.93000        4.9950       0.19089       0.19089       0.81426E-07
   0.94000        4.9971       0.19005       0.19005       0.76025E-07
   0.95000        4.9992       0.18924       0.18924       0.71080E-07
   0.96000        5.0012       0.18845       0.18845       0.66546E-07
   0.97000        5.0031       0.18769       0.18769       0.62383E-07
   0.98000        5.0050       0.18695       0.18695       0.58554E-07
   0.99000        5.0069       0.18623       0.18623       0.55028E-07
    1.0000        5.0086       0.18554       0.18554       0.51776E-07
    1.0100        5.0103       0.18486       0.18486       0.48772E-07
    1.0200        5.0120       0.18420       0.18420       0.45995E-07
    1.0300        5.0136       0.18356       0.18356       0.43423E-07
    1.0400        5.0152       0.18293       0.18293       0.41038E-07
    1.0500        5.0167       0.18232       0.18232       0.38825E-07
    1.0600        5.0181       0.18173       0.18173       0.36768E-07
    1.0700        5.0196       0.18115       0.18115       0.34854E-07
    1.0800        5.0209       0.18059       0.18059       0.33072E-07
    1.0900        5.0223       0.18004       0.18004       0.31409E-07
    1.1000        5.0236       0.17950       0.17950       0.29858E-07
    1.1100        5.0248       0.17898       0.17898       0.28408E-07
    1.1200        5.0260       0.17847       0.17847       0.27051E-07
    1.1300        5.0272       0.17797       0.17797       0.25781E-07
    1.1400        5.0283       0.17748       0.17748       0.24590E-07
    1.1500        5.0294       0.17700       0.17700       0.23474E-07
    1.1600        5.0305       0.17654       0.17654       0.22425E-07
    1.1700        5.0316       0.17608       0.17608       0.21439E-07
    1.1800        5.0326       0.17563       0.17563       0.20512E-07
    1.1900        5.0335       0.17520       0.17520       0.19639E-07
