 0.1000000000E-00001  162.0435975         162.0434582       
 0.1100000000E-00001  162.0690051         162.0687850       
 0.1200000000E-00001  162.0995454         162.0992284       
 0.1300000000E-00001  162.1338289         162.1334041       
 0.1400000000E-00001  162.1703345         162.1697962       
 0.1500000000E-00001  162.2076104         162.2069578       
 0.1600000000E-00001  162.2443936         162.2436300       
 0.1700000000E-00001  162.2796691         162.2788013       
 0.1800000000E-00001  162.3126853         162.3117218       
 0.1900000000E-00001  162.3429456         162.3418957       
 0.2000000000E-00001  162.3701872         162.3690590       
 0.2100000000E-00001  162.3943543         162.3931535       
 0.2200000000E-00001  162.4155727         162.4143004       
 0.2300000000E-00001  162.4341244         162.4327753       
 0.2400000000E-00001  162.4504247         162.4489854       
 0.2500000000E-00001  162.4650008         162.4634475       
 0.2600000000E-00001  162.4784709         162.4767679       
 0.2700000000E-00001  162.4915243         162.4896227       
 0.2800000000E-00001  162.5049018         162.5027377       
 0.2900000000E-00001  162.5193757         162.5168699       
 0.3000000000E-00001  162.5357311         162.5327884       
 0.3100000000E-00001  162.5547472         162.5512567       
 0.3200000000E-00001  162.5771800         162.5730153       
 0.3300000000E-00001  162.6037460         162.5987665       
 0.3400000000E-00001  162.6351074         162.6291597       
 0.3500000000E-00001  162.6718594         162.6647791       
 0.3600000000E-00001  162.7145187         162.7061329       
 0.3700000000E-00001  162.7635148         162.7536444       
 0.3800000000E-00001  162.8191823         162.8076454       
 0.3900000000E-00001  162.8817557         162.8683704       
 0.4000000000E-00001  162.9513662         162.9359541       
 0.4100000000E-00001  163.0280403         163.0104297       
 0.4200000000E-00001  163.1116994         163.0917290       
 0.4300000000E-00001  163.2021626         163.1796848       
 0.4400000000E-00001  163.2991499         163.2740341       
 0.4500000000E-00001  163.4022875         163.3744229       
 0.4600000000E-00001  163.5111142         163.4804130       
 0.4700000000E-00001  163.6250896         163.5914890       
 0.4800000000E-00001  163.7436030         163.7070673       
 0.4900000000E-00001  163.8659831         163.8265052       
 0.5000000000E-00001  163.9915091         163.9491116       
 0.5100000000E-00001  164.1194216         164.0741571       
 0.5200000000E-00001  164.2489346         164.2008856       
 0.5300000000E-00001  164.3792473         164.3285255       
 0.5400000000E-00001  164.5095553         164.4563003       
 0.5500000000E-00001  164.6390624         164.5834402       
 0.5600000000E-00001  164.7669910         164.7091914       
 0.5700000000E-00001  164.8925924         164.8328266       
 0.5800000000E-00001  165.0151557         164.9536533       
 0.5900000000E-00001  165.1340160         165.0710216       
 0.6000000000E-00001  165.2485610         165.1843311       
 0.6100000000E-00001  165.3582369         165.2930360       
 0.6200000000E-00001  165.4625524         165.3966498       
 0.6300000000E-00001  165.5610821         165.4947481       
 0.6400000000E-00001  165.6534677         165.5869705       
 0.6500000000E-00001  165.7394189         165.6730213       
 0.6600000000E-00001  165.8187128         165.7526694       
 0.6700000000E-00001  165.8911918         165.8257464       
 0.6800000000E-00001  165.9567617         165.8921447       
 0.6900000000E-00001  166.0153876         165.9518147       
 0.7000000000E-00001  166.0670909         166.0047608       
 0.7100000000E-00001  166.1119437         166.0510374       
 0.7200000000E-00001  166.1500651         166.0907449       
 0.7300000000E-00001  166.1816153         166.1240241       
 0.7400000000E-00001  166.2067911         166.1510522       
 0.7500000000E-00001  166.2258202         166.1720376       
 0.7600000000E-00001  166.2389566         166.1872150       
 0.7700000000E-00001  166.2464756         166.1968409       
 0.7800000000E-00001  166.2486691         166.2011893       
 0.7900000000E-00001  166.2458411         166.2005471       
 0.8000000000E-00001  166.2383043         166.1952108       
 0.8100000000E-00001  166.2263757         166.1854822       
 0.8200000000E-00001  166.2103739         166.1716659       
 0.8300000000E-00001  166.1906160         166.1540660       
 0.8400000000E-00001  166.1674149         166.1329839       
 0.8500000000E-00001  166.1410774         166.1087156       
 0.8600000000E-00001  166.1119023         166.0815506       
 0.8700000000E-00001  166.0801789         166.0517694       
 0.8800000000E-00001  166.0461855         166.0196434       
 0.8900000000E-00001  166.0101892         165.9854328       
 0.9000000000E-00001  165.9724442         165.9493867       
 0.9100000000E-00001  165.9331924         165.9117419       
 0.9200000000E-00001  165.8926624         165.8727233       
 0.9300000000E-00001  165.8510696         165.8325430       
 0.9400000000E-00001  165.8086165         165.7914008       
 0.9500000000E-00001  165.7654925         165.7494839       
 0.9600000000E-00001  165.7218745         165.7069677       
 0.9700000000E-00001  165.6779269         165.6640154       
 0.9800000000E-00001  165.6338026         165.6207789       
 0.9900000000E-00001  165.5896429         165.5773990       
 0.1000000000         165.5455783         165.5340058       
 0.1010000000         165.5017291         165.4907194       
 0.1020000000         165.4582058         165.4476503       
 0.1030000000         165.4151096         165.4048999       
 0.1040000000         165.3725333         165.3625613       
 0.1050000000         165.3305617         165.3207193       
 0.1060000000         165.2892719         165.2794513       
 0.1070000000         165.2487343         165.2388279       
 0.1080000000         165.2090125         165.1989131       
 0.1090000000         165.1701645         165.1597650       
 0.1100000000         165.1322426         165.1214360       
 0.1110000000         165.0952942         165.0839735       
 0.1120000000         165.0593621         165.0474203       
 0.1130000000         165.0244848         165.0118148       
 0.1140000000         164.9906970         164.9771915       
 0.1150000000         164.9580298         164.9435812       
 0.1160000000         164.9265113         164.9110115       
 0.1170000000         164.8961666         164.8795071       
 0.1180000000         164.8670184         164.8490899       
 0.1190000000         164.8390869         164.8197796       
 0.1200000000         164.8123903         164.7915933       
 0.1210000000         164.7869448         164.7645464       
 0.1220000000         164.7627652         164.7386527       
 0.1230000000         164.7398646         164.7139240       
 0.1240000000         164.7182550         164.6903710       
 0.1250000000         164.6979471         164.6680030       
 0.1260000000         164.6789506         164.6468285       
 0.1270000000         164.6612746         164.6268547       
 0.1280000000         164.6449272         164.6080881       
 0.1290000000         164.6299161         164.5905346       
 0.1300000000         164.6162484         164.5741994       
 0.1310000000         164.6039309         164.5590872       
 0.1320000000         164.5929699         164.5452022       
 0.1330000000         164.5833718         164.5325485       
 0.1340000000         164.5751427         164.5211298       
 0.1350000000         164.5682886         164.5109498       
 0.1360000000         164.5628158         164.5020118       
 0.1370000000         164.5587304         164.4943194       
 0.1380000000         164.5560390         164.4878761       
 0.1390000000         164.5547481         164.4826855       
 0.1400000000         164.5548650         164.4787515       
 0.1410000000         164.5563970         164.4760781       
 0.1420000000         164.5593520         164.4746695       
 0.1430000000         164.5637386         164.4745305       
 0.1440000000         164.5695658         164.4756662       
 0.1450000000         164.5768434         164.4780821       
 0.1460000000         164.5855819         164.4817842       
 0.1470000000         164.5957927         164.4867791       
 0.1480000000         164.6074880         164.4930743       
 0.1490000000         164.6206811         164.5006775       
 0.1500000000         164.6353862         164.5095976       
 0.1510000000         164.6516189         164.5198440       
 0.1520000000         164.6693957         164.5314271       
 0.1530000000         164.6887347         164.5443582       
 0.1540000000         164.7096552         164.5586498       
 0.1550000000         164.7321781         164.5743151       
 0.1560000000         164.7563257         164.5913686       
 0.1570000000         164.7821220         164.6098261       
 0.1580000000         164.8095930         164.6297045       
 0.1590000000         164.8387663         164.6510221       
 0.1600000000         164.8696715         164.6737986       
 0.1610000000         164.9023403         164.6980551       
 0.1620000000         164.9368064         164.7238144       
 0.1630000000         164.9731060         164.7511006       
 0.1640000000         165.0112774         164.7799398       
 0.1650000000         165.0513614         164.8103598       
 0.1660000000         165.0934016         164.8423900       
 0.1670000000         165.1374440         164.8760620       
 0.1680000000         165.1835375         164.9114092       
 0.1690000000         165.2317337         164.9484671       
 0.1700000000         165.2820876         164.9872733       
 0.1710000000         165.3346568         165.0278676       
 0.1720000000         165.3895024         165.0702921       
 0.1730000000         165.4466887         165.1145912       
 0.1740000000         165.5062835         165.1608117       
 0.1750000000         165.5683580         165.2090029       
 0.1760000000         165.6329870         165.2592167       
 0.1770000000         165.7002491         165.3115073       
 0.1780000000         165.7702266         165.3659321       
 0.1790000000         165.8430058         165.4225507       
 0.1800000000         165.9186768         165.4814257       
 0.1810000000         165.9973339         165.5426227       
 0.1820000000         166.0790755         165.6062099       
 0.1830000000         166.1640042         165.6722585       
 0.1840000000         166.2522267         165.7408427       
 0.1850000000         166.3438543         165.8120398       
 0.1860000000         166.4390025         165.8859300       
 0.1870000000         166.5377912         165.9625965       
 0.1880000000         166.6403447         166.0421258       
 0.1890000000         166.7467918         166.1246074       
 0.1900000000         166.8572659         166.2101336       
 0.1910000000         166.9719045         166.2988003       
 0.1920000000         167.0908499         166.3907061       
 0.1930000000         167.2142485         166.4859528       
 0.1940000000         167.3422511         166.5846452       
 0.1950000000         167.4750128         166.6868910       
 0.1960000000         167.6126930         166.7928010       
 0.1970000000         167.7554547         166.9024888       
 0.1980000000         167.9034652         167.0160707       
 0.1990000000         168.0568955         167.1336658       
 0.2000000000         168.2159199         167.2553958       
 0.2010000000         168.3807162         167.3813849       
 0.2020000000         168.5514652         167.5117595       
 0.2030000000         168.7283506         167.6466483       
 0.2040000000         168.9115583         167.7861821       
 0.2050000000         169.1012765         167.9304933       
 0.2060000000         169.2976950         168.0797162       
 0.2070000000         169.5010050         168.2339862       
 0.2080000000         169.7113982         168.3934401       
 0.2090000000         169.9290668         168.5582154       
 0.2100000000         170.1542026         168.7284503       
 0.2110000000         170.3869962         168.9042831       
 0.2120000000         170.6276370         169.0858520       
 0.2130000000         170.8763114         169.2732949       
 0.2140000000         171.1332033         169.4667485       
 0.2150000000         171.3984921         169.6663486       
 0.2160000000         171.6723525         169.8722288       
 0.2170000000         171.9549532         170.0845206       
 0.2180000000         172.2464561         170.3033529       
 0.2190000000         172.5470151         170.5288508       
 0.2200000000         172.8567749         170.7611360       
 0.2210000000         173.1758700         171.0003252       
 0.2220000000         173.5044233         171.2465302       
 0.2230000000         173.8425448         171.4998569       
 0.2240000000         174.1903305         171.7604044       
 0.2250000000         174.5478605         172.0282649       
 0.2260000000         174.9151980         172.3035222       
 0.2270000000         175.2923876         172.5862513       
 0.2280000000         175.6794540         172.8765177       
 0.2290000000         176.0764002         173.1743763       
 0.2300000000         176.4832061         173.4798705       
 0.2310000000         176.8998268         173.7930316       
 0.2320000000         177.3261913         174.1138778       
 0.2330000000         177.7622008         174.4424131       
 0.2340000000         178.2077271         174.7786268       
 0.2350000000         178.6626111         175.1224920       
 0.2360000000         179.1266616         175.4739653       
 0.2370000000         179.5996536         175.8329855       
 0.2380000000         180.0813275         176.1994728       
 0.2390000000         180.5713872         176.5733280       
 0.2400000000         181.0694996         176.9544316       
 0.2410000000         181.5752934         177.3426430       
 0.2420000000         182.0883583         177.7377995       
 0.2430000000         182.6082445         178.1397161       
 0.2440000000         183.1344619         178.5481841       
 0.2450000000         183.6664802         178.9629713       
 0.2460000000         184.2037287         179.3838206       
 0.2470000000         184.7455963         179.8104503       
 0.2480000000         185.2914322         180.2425532       
 0.2490000000         185.8405465         180.6797965       
 0.2500000000         186.3922108         181.1218219       
 0.2510000000         186.9456601         181.5682448       
 0.2520000000         187.5000936         182.0186551       
 0.2530000000         188.0546768         182.4726171       
 0.2540000000         188.6085438         182.9296698       
 0.2550000000         189.1607991         183.3893271       
 0.2560000000         189.7105210         183.8510791       
 0.2570000000         190.2567639         184.3143920       
 0.2580000000         190.7985619         184.7787095       
 0.2590000000         191.3349319         185.2434540       
 0.2600000000         191.8648779         185.7080272       
 0.2610000000         192.3873943         186.1718119       
 0.2620000000         192.9014705         186.6341735       
 0.2630000000         193.4060950         187.0944617       
 0.2640000000         193.9002598         187.5520118       
 0.2650000000         194.3829650         188.0061475       
 0.2660000000         194.8532235         188.4561823       
 0.2670000000         195.3100655         188.9014217       
 0.2680000000         195.7525434         189.3411662       
 0.2690000000         196.1797360         189.7747128       
 0.2700000000         196.5907536         190.2013583       
 0.2710000000         196.9847419         190.6204012       
 0.2720000000         197.3608866         191.0311450       
 0.2730000000         197.7184172         191.4329002       
 0.2740000000         198.0566111         191.8249874       
 0.2750000000         198.3747969         192.2067401       
 0.2760000000         198.6723578         192.5775068       
 0.2770000000         198.9487344         192.9366544       
 0.2780000000         199.2034275         193.2835701       
 0.2790000000         199.4359999         193.6176645       
 0.2800000000         199.6460787         193.9383736       
 0.2810000000         199.8333562         194.2451614       
 0.2820000000         199.9975912         194.5375218       
 0.2830000000         200.1386093         194.8149810       
 0.2840000000         200.2563032         195.0770991       
 0.2850000000         200.3506325         195.3234719       
 0.2860000000         200.4216227         195.5537326       
 0.2870000000         200.4693644         195.7675528       
 0.2880000000         200.4940115         195.9646440       
 0.2890000000         200.4957798         196.1447582       
 0.2900000000         200.4749445         196.3076889       
 0.2910000000         200.4318382         196.4532712       
 0.2920000000         200.3668473         196.5813824       
 0.2930000000         200.2804101         196.6919420       
 0.2940000000         200.1730128         196.7849113       
 0.2950000000         200.0451864         196.8602934       
 0.2960000000         199.8975033         196.9181319       
 0.2970000000         199.7305736         196.9585111       
 0.2980000000         199.5450412         196.9815542       
 0.2990000000         199.3415803         196.9874223       
 0.3000000000         199.1208914         196.9763135       
 0.3010000000         198.8836980         196.9484610       
 0.3020000000         198.6307419         196.9041314       
 0.3030000000         198.3627808         196.8436235       
 0.3040000000         198.0805838         196.7672660       
 0.3050000000         197.7849281         196.6754157       
 0.3060000000         197.4765962         196.5684554       
 0.3070000000         197.1563720         196.4467919       
 0.3080000000         196.8250382         196.3108543       
 0.3090000000         196.4833734         196.1610909       
 0.3100000000         196.1321494         195.9979681       
 0.3110000000         195.7721287         195.8219675       
 0.3120000000         195.4040622         195.6335842       
 0.3130000000         195.0286870         195.4333244       
 0.3140000000         194.6467249         195.2217035       
 0.3150000000         194.2588802         194.9992443       
 0.3160000000         193.8658386         194.7664743       
 0.3170000000         193.4682655         194.5239248       
 0.3180000000         193.0668053         194.2721283       
 0.3190000000         192.6620799         194.0116171       
 0.3200000000         192.2546886         193.7429217       
 0.3210000000         191.8452068         193.4665692       
 0.3220000000         191.4341859         193.1830816       
 0.3230000000         191.0221529         192.8929749       
 0.3240000000         190.6096101         192.5967575       
 0.3250000000         190.1970353         192.2949292       
 0.3260000000         189.7848814         191.9879801       
 0.3270000000         189.3735770         191.6763896       
 0.3280000000         188.9635264         191.3606258       
 0.3290000000         188.5551099         191.0411443       
 0.3300000000         188.1486844         190.7183881       
 0.3310000000         187.7445836         190.3927865       
 0.3320000000         187.3431189         190.0647549       
 0.3330000000         186.9445795         189.7346944       
 0.3340000000         186.5492337         189.4029917       
 0.3350000000         186.1573287         189.0700181       
 0.3360000000         185.7690922         188.7361303       
 0.3370000000         185.3847324         188.4016697       
 0.3380000000         185.0044392         188.0669625       
 0.3390000000         184.6283847         187.7323198       
 0.3400000000         184.2567240         187.3980376       
 0.3410000000         183.8895961         187.0643971       
 0.3420000000         183.5271245         186.7316644       
 0.3430000000         183.1694179         186.4000915       
 0.3440000000         182.8165712         186.0699156       
 0.3450000000         182.4686661         185.7413604       
 0.3460000000         182.1257717         185.4146354       
 0.3470000000         181.7879454         185.0899371       
 0.3480000000         181.4552335         184.7674487       
 0.3490000000         181.1276718         184.4473409       
 0.3500000000         180.8052864         184.1297721       
 0.3510000000         180.4880943         183.8148890       
 0.3520000000         180.1761039         183.5028265       
 0.3530000000         179.8693156         183.1937088       
 0.3540000000         179.5677225         182.8876494       
 0.3550000000         179.2713108         182.5847515       
 0.3560000000         178.9800604         182.2851086       
 0.3570000000         178.6939453         181.9888049       
 0.3580000000         178.4129343         181.6959157       
 0.3590000000         178.1369911         181.4065076       
 0.3600000000         177.8660749         181.1206394       
 0.3610000000         177.6001408         180.8383619       
 0.3620000000         177.3391404         180.5597189       
 0.3630000000         177.0830217         180.2847469       
 0.3640000000         176.8317297         180.0134761       
 0.3650000000         176.5852069         179.7459305       
 0.3660000000         176.3433932         179.4821283       
 0.3670000000         176.1062264         179.2220821       
 0.3680000000         175.8736426         178.9657994       
 0.3690000000         175.6455762         178.7132828       
 0.3700000000         175.4219602         178.4645307       
 0.3710000000         175.2027266         178.2195367       
 0.3720000000         174.9878063         177.9782911       
 0.3730000000         174.7771294         177.7407800       
 0.3740000000         174.5706256         177.5069865       
 0.3750000000         174.3682240         177.2768902       
 0.3760000000         174.1698536         177.0504681       
 0.3770000000         173.9754431         176.8276944       
 0.3780000000         173.7849213         176.6085408       
 0.3790000000         173.5982170         176.3929768       
 0.3800000000         173.4152593         176.1809697       
 0.3810000000         173.2359775         175.9724851       
 0.3820000000         173.0603015         175.7674869       
 0.3830000000         172.8881614         175.5659374       
 0.3840000000         172.7194882         175.3677975       
 0.3850000000         172.5542133         175.1730270       
 0.3860000000         172.3922686         174.9815844       
 0.3870000000         172.2335872         174.7934276       
 0.3880000000         172.0781026         174.6085133       
 0.3890000000         171.9257494         174.4267977       
 0.3900000000         171.7764627         174.2482364       
 0.3910000000         171.6301788         174.0727844       
 0.3920000000         171.4868349         173.9003965       
 0.3930000000         171.3463691         173.7310269       
 0.3940000000         171.2087203         173.5646298       
 0.3950000000         171.0738287         173.4011593       
 0.3960000000         170.9416352         173.2405691       
 0.3970000000         170.8120819         173.0828131       
 0.3980000000         170.6851120         172.9278454       
 0.3990000000         170.5606693         172.7756200       
 0.4000000000         170.4386992         172.6260910       
 0.4010000000         170.3191476         172.4792130       
 0.4020000000         170.2019619         172.3349405       
 0.4030000000         170.0870901         172.1932286       
 0.4040000000         169.9744815         172.0540325       
 0.4050000000         169.8640864         171.9173079       
 0.4060000000         169.7558559         171.7830109       
 0.4070000000         169.6497424         171.6510980       
 0.4080000000         169.5456989         171.5215262       
 0.4090000000         169.4436799         171.3942528       
 0.4100000000         169.3436404         171.2692357       
 0.4110000000         169.2455366         171.1464335       
 0.4120000000         169.1493256         171.0258049       
 0.4130000000         169.0549654         170.9073096       
 0.4140000000         168.9624150         170.7909076       
 0.4150000000         168.8716342         170.6765595       
 0.4160000000         168.7825838         170.5642265       
 0.4170000000         168.6952253         170.4538703       
 0.4180000000         168.6095213         170.3454532       
 0.4190000000         168.5254351         170.2389383       
 0.4200000000         168.4429309         170.1342890       
 0.4210000000         168.3619737         170.0314695       
 0.4220000000         168.2825292         169.9304445       
 0.4230000000         168.2045641         169.8311793       
 0.4240000000         168.1280456         169.7336398       
 0.4250000000         168.0529419         169.6377926       
 0.4260000000         167.9792218         169.5436046       
 0.4270000000         167.9068549         169.4510436       
 0.4280000000         167.8358115         169.3600779       
 0.4290000000         167.7660625         169.2706763       
 0.4300000000         167.6975796         169.1828083       
 0.4310000000         167.6303352         169.0964437       
 0.4320000000         167.5643022         169.0115533       
 0.4330000000         167.4994541         168.9281080       
 0.4340000000         167.4357653         168.8460797       
 0.4350000000         167.3732106         168.7654404       
 0.4360000000         167.3117654         168.6861630       
 0.4370000000         167.2514057         168.6082207       
 0.4380000000         167.1921081         168.5315874       
 0.4390000000         167.1338498         168.4562374       
 0.4400000000         167.0766084         168.3821456       
 0.4410000000         167.0203622         168.3092872       
 0.4420000000         166.9650898         168.2376382       
 0.4430000000         166.9107705         168.1671749       
 0.4440000000         166.8573840         168.0978740       
 0.4450000000         166.8049105         168.0297129       
 0.4460000000         166.7533306         167.9626694       
 0.4470000000         166.7026256         167.8967215       
 0.4480000000         166.6527769         167.8318480       
 0.4490000000         166.6037666         167.7680280       
 0.4500000000         166.5555771         167.7052409       
 0.4510000000         166.5081912         167.6434667       
 0.4520000000         166.4615923         167.5826859       
 0.4530000000         166.4157638         167.5228790       
 0.4540000000         166.3706899         167.4640274       
 0.4550000000         166.3263550         167.4061126       
 0.4560000000         166.2827438         167.3491165       
 0.4570000000         166.2398415         167.2930214       
 0.4580000000         166.1976334         167.2378101       
 0.4590000000         166.1561055         167.1834656       
 0.4600000000         166.1152439         167.1299713       
 0.4610000000         166.0750350         167.0773109       
 0.4620000000         166.0354656         167.0254686       
 0.4630000000         165.9965228         166.9744288       
 0.4640000000         165.9581940         166.9241762       
 0.4650000000         165.9204668         166.8746960       
 0.4660000000         165.8833293         166.8259735       
 0.4670000000         165.8467696         166.7779944       
 0.4680000000         165.8107762         166.7307448       
 0.4690000000         165.7753380         166.6842109       
 0.4700000000         165.7404440         166.6383792       
 0.4710000000         165.7060833         166.5932368       
 0.4720000000         165.6722456         166.5487706       
 0.4730000000         165.6389206         166.5049681       
 0.4740000000         165.6060984         166.4618170       
 0.4750000000         165.5737690         166.4193053       
 0.4760000000         165.5419230         166.3774210       
 0.4770000000         165.5105511         166.3361526       
 0.4780000000         165.4796440         166.2954888       
 0.4790000000         165.4491929         166.2554185       
 0.4800000000         165.4191890         166.2159308       
 0.4810000000         165.3896238         166.1770152       
 0.4820000000         165.3604890         166.1386611       
 0.4830000000         165.3317763         166.1008583       
 0.4840000000         165.3034779         166.0635970       
 0.4850000000         165.2755859         166.0268673       
 0.4860000000         165.2480927         165.9906596       
 0.4870000000         165.2209908         165.9549645       
 0.4880000000         165.1942729         165.9197729       
 0.4890000000         165.1679319         165.8850758       
 0.4900000000         165.1419609         165.8508643       
 0.4910000000         165.1163529         165.8171298       
 0.4920000000         165.0911013         165.7838639       
 0.4930000000         165.0661996         165.7510582       
 0.4940000000         165.0416414         165.7187047       
 0.4950000000         165.0174204         165.6867954       
 0.4960000000         164.9935305         165.6553226       
 0.4970000000         164.9699657         165.6242785       
 0.4980000000         164.9467201         165.5936557       
 0.4990000000         164.9237881         165.5634469       
 0.5000000000         164.9011639         165.5336449       
 0.5010000000         164.8788421         165.5042428       
 0.5020000000         164.8568174         165.4752335       
 0.5030000000         164.8350844         165.4466103       
 0.5040000000         164.8136380         165.4183667       
 0.5050000000         164.7924732         165.3904961       
 0.5060000000         164.7715849         165.3629922       
 0.5070000000         164.7509685         165.3358487       
 0.5080000000         164.7306191         165.3090597       
 0.5090000000         164.7105321         165.2826189       
 0.5100000000         164.6907029         165.2565207       
 0.5110000000         164.6711272         165.2307592       
 0.5120000000         164.6518005         165.2053289       
 0.5130000000         164.6327185         165.1802241       
 0.5140000000         164.6138772         165.1554395       
 0.5150000000         164.5952724         165.1309698       
 0.5160000000         164.5769001         165.1068097       
 0.5170000000         164.5587564         165.0829542       
 0.5180000000         164.5408374         165.0593982       
 0.5190000000         164.5231393         165.0361369       
 0.5200000000         164.5056585         165.0131654       
 0.5210000000         164.4883913         164.9904789       
 0.5220000000         164.4713342         164.9680729       
 0.5230000000         164.4544837         164.9459429       
 0.5240000000         164.4378364         164.9240843       
 0.5250000000         164.4213889         164.9024928       
 0.5260000000         164.4051381         164.8811641       
 0.5270000000         164.3890805         164.8600940       
 0.5280000000         164.3732133         164.8392784       
 0.5290000000         164.3575331         164.8187132       
 0.5300000000         164.3420370         164.7983945       
 0.5310000000         164.3267221         164.7783183       
 0.5320000000         164.3115854         164.7584809       
 0.5330000000         164.2966241         164.7388784       
 0.5340000000         164.2818354         164.7195073       
 0.5350000000         164.2672166         164.7003638       
 0.5360000000         164.2527649         164.6814445       
 0.5370000000         164.2384777         164.6627459       
 0.5380000000         164.2243524         164.6442645       
 0.5390000000         164.2103865         164.6259970       
 0.5400000000         164.1965775         164.6079402       
 0.5410000000         164.1829230         164.5900907       
 0.5420000000         164.1694205         164.5724454       
 0.5430000000         164.1560678         164.5550013       
 0.5440000000         164.1428624         164.5377551       
 0.5450000000         164.1298022         164.5207040       
 0.5460000000         164.1168849         164.5038450       
 0.5470000000         164.1041084         164.4871753       
 0.5480000000         164.0914704         164.4706918       
 0.5490000000         164.0789690         164.4543920       
 0.5500000000         164.0666020         164.4382730       
 0.5510000000         164.0543674         164.4223321       
 0.5520000000         164.0422632         164.4065667       
 0.5530000000         164.0302876         164.3909743       
 0.5540000000         164.0184384         164.3755522       
 0.5550000000         164.0067140         164.3602980       
 0.5560000000         163.9951125         164.3452091       
 0.5570000000         163.9836319         164.3302833       
 0.5580000000         163.9722707         164.3155180       
 0.5590000000         163.9610269         164.3009111       
 0.5600000000         163.9498989         164.2864601       
 0.5610000000         163.9388851         164.2721629       
 0.5620000000         163.9279837         164.2580171       
 0.5630000000         163.9171931         164.2440208       
 0.5640000000         163.9065118         164.2301716       
 0.5650000000         163.8959382         164.2164676       
 0.5660000000         163.8854707         164.2029067       
 0.5670000000         163.8751078         164.1894867       
 0.5680000000         163.8648481         164.1762058       
 0.5690000000         163.8546900         164.1630620       
 0.5700000000         163.8446322         164.1500534       
 0.5710000000         163.8346732         164.1371780       
 0.5720000000         163.8248117         164.1244340       
 0.5730000000         163.8150462         164.1118196       
 0.5740000000         163.8053755         164.0993330       
 0.5750000000         163.7957983         164.0869724       
 0.5760000000         163.7863132         164.0747361       
 0.5770000000         163.7769189         164.0626223       
 0.5780000000         163.7676143         164.0506294       
 0.5790000000         163.7583981         164.0387558       
 0.5800000000         163.7492691         164.0269998       
 0.5810000000         163.7402262         164.0153598       
 0.5820000000         163.7312680         164.0038343       
 0.5830000000         163.7223936         163.9924216       
 0.5840000000         163.7136018         163.9811204       
 0.5850000000         163.7048914         163.9699290       
 0.5860000000         163.6962614         163.9588461       
 0.5870000000         163.6877107         163.9478701       
 0.5880000000         163.6792383         163.9369997       
 0.5890000000         163.6708431         163.9262334       
 0.5900000000         163.6625241         163.9155699       
 0.5910000000         163.6542804         163.9050079       
 0.5920000000         163.6461108         163.8945459       
 0.5930000000         163.6380145         163.8841827       
 0.5940000000         163.6299905         163.8739170       
 0.5950000000         163.6220379         163.8637475       
 0.5960000000         163.6141557         163.8536730       
 0.5970000000         163.6063430         163.8436923       
 0.5980000000         163.5985990         163.8338040       
 0.5990000000         163.5909227         163.8240072       
 0.6000000000         163.5833133         163.8143005       
 0.6010000000         163.5757700         163.8046828       
 0.6020000000         163.5682919         163.7951530       
 0.6030000000         163.5608782         163.7857100       
 0.6040000000         163.5535280         163.7763526       
 0.6050000000         163.5462407         163.7670798       
 0.6060000000         163.5390153         163.7578906       
 0.6070000000         163.5318512         163.7487838       
 0.6080000000         163.5247475         163.7397585       
 0.6090000000         163.5177036         163.7308136       
 0.6100000000         163.5107186         163.7219481       
 0.6110000000         163.5037919         163.7131611       
 0.6120000000         163.4969227         163.7044515       
 0.6130000000         163.4901104         163.6958184       
 0.6140000000         163.4833542         163.6872610       
 0.6150000000         163.4766535         163.6787781       
 0.6160000000         163.4700076         163.6703690       
 0.6170000000         163.4634158         163.6620327       
 0.6180000000         163.4568775         163.6537684       
 0.6190000000         163.4503921         163.6455751       
 0.6200000000         163.4439588         163.6374521       
 0.6210000000         163.4375772         163.6293984       
 0.6220000000         163.4312466         163.6214133       
 0.6230000000         163.4249663         163.6134959       
 0.6240000000         163.4187358         163.6056454       
 0.6250000000         163.4125546         163.5978610       
 0.6260000000         163.4064219         163.5901419       
 0.6270000000         163.4003373         163.5824874       
 0.6280000000         163.3943003         163.5748967       
 0.6290000000         163.3883101         163.5673690       
 0.6300000000         163.3823664         163.5599036       
 0.6310000000         163.3764686         163.5524998       
 0.6320000000         163.3706161         163.5451569       
 0.6330000000         163.3648085         163.5378741       
 0.6340000000         163.3590451         163.5306507       
 0.6350000000         163.3533256         163.5234861       
 0.6360000000         163.3476494         163.5163796       
 0.6370000000         163.3420161         163.5093306       
 0.6380000000         163.3364251         163.5023382       
 0.6390000000         163.3308760         163.4954020       
 0.6400000000         163.3253683         163.4885213       
 0.6410000000         163.3199015         163.4816954       
 0.6420000000         163.3144753         163.4749237       
 0.6430000000         163.3090890         163.4682057       
 0.6440000000         163.3037424         163.4615406       
 0.6450000000         163.2984350         163.4549279       
 0.6460000000         163.2931663         163.4483671       
 0.6470000000         163.2879359         163.4418575       
 0.6480000000         163.2827434         163.4353986       
 0.6490000000         163.2775884         163.4289898       
 0.6500000000         163.2724705         163.4226305       
 0.6510000000         163.2673893         163.4163203       
 0.6520000000         163.2623444         163.4100585       
 0.6530000000         163.2573354         163.4038447       
 0.6540000000         163.2523619         163.3976783       
 0.6550000000         163.2474235         163.3915587       
 0.6560000000         163.2425199         163.3854856       
 0.6570000000         163.2376507         163.3794583       
 0.6580000000         163.2328155         163.3734765       
 0.6590000000         163.2280140         163.3675395       
 0.6600000000         163.2232459         163.3616469       
 0.6610000000         163.2185107         163.3557983       
 0.6620000000         163.2138082         163.3499932       
 0.6630000000         163.2091379         163.3442310       
 0.6640000000         163.2044996         163.3385114       
 0.6650000000         163.1998930         163.3328339       
 0.6660000000         163.1953177         163.3271981       
 0.6670000000         163.1907733         163.3216034       
 0.6680000000         163.1862596         163.3160496       
 0.6690000000         163.1817763         163.3105360       
 0.6700000000         163.1773231         163.3050625       
 0.6710000000         163.1728996         163.2996284       
 0.6720000000         163.1685055         163.2942334       
 0.6730000000         163.1641406         163.2888772       
 0.6740000000         163.1598045         163.2835592       
 0.6750000000         163.1554971         163.2782791       
 0.6760000000         163.1512179         163.2730366       
 0.6770000000         163.1469667         163.2678311       
 0.6780000000         163.1427432         163.2626625       
 0.6790000000         163.1385473         163.2575302       
 0.6800000000         163.1343784         163.2524339       
 0.6810000000         163.1302366         163.2473732       
 0.6820000000         163.1261213         163.2423478       
 0.6830000000         163.1220325         163.2373574       
 0.6840000000         163.1179698         163.2324015       
 0.6850000000         163.1139330         163.2274799       
 0.6860000000         163.1099219         163.2225921       
 0.6870000000         163.1059361         163.2177379       
 0.6880000000         163.1019755         163.2129169       
 0.6890000000         163.0980398         163.2081288       
 0.6900000000         163.0941288         163.2033732       
 0.6910000000         163.0902422         163.1986499       
 0.6920000000         163.0863798         163.1939585       
 0.6930000000         163.0825414         163.1892988       
 0.6940000000         163.0787268         163.1846703       
 0.6950000000         163.0749357         163.1800728       
 0.6960000000         163.0711679         163.1755060       
 0.6970000000         163.0674231         163.1709696       
 0.6980000000         163.0637013         163.1664634       
 0.6990000000         163.0600021         163.1619869       
 0.7000000000         163.0563254         163.1575400       
 0.7010000000         163.0526710         163.1531223       
 0.7020000000         163.0490385         163.1487335       
 0.7030000000         163.0454280         163.1443735       
 0.7040000000         163.0418390         163.1400419       
 0.7050000000         163.0382716         163.1357384       
 0.7060000000         163.0347253         163.1314628       
 0.7070000000         163.0312002         163.1272148       
 0.7080000000         163.0276959         163.1229942       
 0.7090000000         163.0242123         163.1188007       
 0.7100000000         163.0207492         163.1146340       
 0.7110000000         163.0173064         163.1104939       
 0.7120000000         163.0138837         163.1063802       
 0.7130000000         163.0104810         163.1022926       
 0.7140000000         163.0070981         163.0982309       
 0.7150000000         163.0037348         163.0941947       
 0.7160000000         163.0003909         163.0901840       
 0.7170000000         162.9970663         163.0861984       
 0.7180000000         162.9937607         163.0822378       
 0.7190000000         162.9904741         163.0783018       
 0.7200000000         162.9872063         163.0743904       
 0.7210000000         162.9839571         163.0705031       
 0.7220000000         162.9807263         163.0666400       
 0.7230000000         162.9775138         163.0628006       
 0.7240000000         162.9743194         163.0589848       
 0.7250000000         162.9711429         163.0551924       
 0.7260000000         162.9679843         163.0514233       
 0.7270000000         162.9648434         163.0476770       
 0.7280000000         162.9617199         163.0439536       
 0.7290000000         162.9586139         163.0402527       
 0.7300000000         162.9555250         163.0365742       
 0.7310000000         162.9524533         163.0329178       
 0.7320000000         162.9493984         163.0292835       
 0.7330000000         162.9463604         163.0256709       
 0.7340000000         162.9433389         163.0220799       
 0.7350000000         162.9403341         163.0185103       
 0.7360000000         162.9373455         163.0149619       
 0.7370000000         162.9343732         163.0114345       
 0.7380000000         162.9314171         163.0079280       
 0.7390000000         162.9284769         163.0044422       
 0.7400000000         162.9255525         163.0009768       
 0.7410000000         162.9226438         162.9975318       
 0.7420000000         162.9197508         162.9941069       
 0.7430000000         162.9168732         162.9907019       
 0.7440000000         162.9140109         162.9873168       
 0.7450000000         162.9111638         162.9839513       
 0.7460000000         162.9083318         162.9806052       
 0.7470000000         162.9055148         162.9772785       
 0.7480000000         162.9027126         162.9739709       
 0.7490000000         162.8999252         162.9706822       
 0.7500000000         162.8971523         162.9674124       
 0.7510000000         162.8943940         162.9641612       
 0.7520000000         162.8916500         162.9609285       
 0.7530000000         162.8889203         162.9577142       
 0.7540000000         162.8862047         162.9545180       
 0.7550000000         162.8835032         162.9513399       
 0.7560000000         162.8808156         162.9481797       
 0.7570000000         162.8781419         162.9450372       
 0.7580000000         162.8754818         162.9419123       
 0.7590000000         162.8728354         162.9388049       
 0.7600000000         162.8702025         162.9357148       
 0.7610000000         162.8675829         162.9326418       
 0.7620000000         162.8649767         162.9295859       
 0.7630000000         162.8623836         162.9265469       
 0.7640000000         162.8598037         162.9235246       
 0.7650000000         162.8572367         162.9205190       
 0.7660000000         162.8546827         162.9175298       
 0.7670000000         162.8521414         162.9145570       
 0.7680000000         162.8496128         162.9116004       
 0.7690000000         162.8470968         162.9086599       
 0.7700000000         162.8445934         162.9057353       
 0.7710000000         162.8421023         162.9028266       
 0.7720000000         162.8396236         162.8999336       
 0.7730000000         162.8371571         162.8970562       
 0.7740000000         162.8347028         162.8941942       
 0.7750000000         162.8322605         162.8913476       
 0.7760000000         162.8298301         162.8885162       
 0.7770000000         162.8274116         162.8856999       
 0.7780000000         162.8250049         162.8828986       
 0.7790000000         162.8226099         162.8801121       
 0.7800000000         162.8202265         162.8773404       
 0.7810000000         162.8178547         162.8745833       
 0.7820000000         162.8154943         162.8718408       
 0.7830000000         162.8131452         162.8691126       
 0.7840000000         162.8108074         162.8663988       
 0.7850000000         162.8084808         162.8636991       
 0.7860000000         162.8061654         162.8610135       
 0.7870000000         162.8038609         162.8583419       
 0.7880000000         162.8015674         162.8556842       
 0.7890000000         162.7992848         162.8530402       
 0.7900000000         162.7970130         162.8504098       
 0.7910000000         162.7947519         162.8477930       
 0.7920000000         162.7925015         162.8451897       
 0.7930000000         162.7902616         162.8425997       
 0.7940000000         162.7880322         162.8400230       
 0.7950000000         162.7858133         162.8374594       
 0.7960000000         162.7836047         162.8349088       
 0.7970000000         162.7814064         162.8323712       
 0.7980000000         162.7792183         162.8298465       
 0.7990000000         162.7770403         162.8273345       
 0.8000000000         162.7748724         162.8248352       
 0.8010000000         162.7727144         162.8223484       
 0.8020000000         162.7705664         162.8198742       
 0.8030000000         162.7684283         162.8174123       
 0.8040000000         162.7662999         162.8149627       
 0.8050000000         162.7641813         162.8125253       
 0.8060000000         162.7620723         162.8101000       
 0.8070000000         162.7599729         162.8076868       
 0.8080000000         162.7578831         162.8052855       
 0.8090000000         162.7558027         162.8028960       
 0.8100000000         162.7537316         162.8005184       
 0.8110000000         162.7516700         162.7981524       
 0.8120000000         162.7496176         162.7957980       
 0.8130000000         162.7475744         162.7934551       
 0.8140000000         162.7455403         162.7911236       
 0.8150000000         162.7435153         162.7888035       
 0.8160000000         162.7414994         162.7864947       
 0.8170000000         162.7394924         162.7841971       
 0.8180000000         162.7374943         162.7819105       
 0.8190000000         162.7355050         162.7796350       
 0.8200000000         162.7335246         162.7773705       
 0.8210000000         162.7315529         162.7751168       
 0.8220000000         162.7295898         162.7728740       
 0.8230000000         162.7276353         162.7706418       
 0.8240000000         162.7256895         162.7684203       
 0.8250000000         162.7237521         162.7662094       
 0.8260000000         162.7218231         162.7640090       
 0.8270000000         162.7199026         162.7618190       
 0.8280000000         162.7179904         162.7596394       
 0.8290000000         162.7160865         162.7574700       
 0.8300000000         162.7141908         162.7553109       
 0.8310000000         162.7123032         162.7531619       
 0.8320000000         162.7104238         162.7510230       
 0.8330000000         162.7085525         162.7488941       
 0.8340000000         162.7066892         162.7467751       
 0.8350000000         162.7048339         162.7446660       
 0.8360000000         162.7029865         162.7425666       
 0.8370000000         162.7011469         162.7404771       
 0.8380000000         162.6993152         162.7383971       
 0.8390000000         162.6974912         162.7363268       
 0.8400000000         162.6956750         162.7342661       
 0.8410000000         162.6938665         162.7322148       
 0.8420000000         162.6920655         162.7301729       
 0.8430000000         162.6902722         162.7281403       
 0.8440000000         162.6884863         162.7261171       
 0.8450000000         162.6867080         162.7241030       
 0.8460000000         162.6849371         162.7220981       
 0.8470000000         162.6831736         162.7201023       
 0.8480000000         162.6814174         162.7181156       
 0.8490000000         162.6796685         162.7161378       
 0.8500000000         162.6779269         162.7141690       
 0.8510000000         162.6761925         162.7122090       
 0.8520000000         162.6744653         162.7102578       
 0.8530000000         162.6727451         162.7083154       
 0.8540000000         162.6710321         162.7063817       
 0.8550000000         162.6693261         162.7044566       
 0.8560000000         162.6676271         162.7025400       
 0.8570000000         162.6659350         162.7006320       
 0.8580000000         162.6642499         162.6987324       
 0.8590000000         162.6625716         162.6968413       
 0.8600000000         162.6609001         162.6949585       
 0.8610000000         162.6592355         162.6930840       
 0.8620000000         162.6575775         162.6912178       
 0.8630000000         162.6559263         162.6893597       
 0.8640000000         162.6542818         162.6875098       
 0.8650000000         162.6526438         162.6856680       
 0.8660000000         162.6510125         162.6838343       
 0.8670000000         162.6493877         162.6820085       
 0.8680000000         162.6477694         162.6801906       
 0.8690000000         162.6461576         162.6783807       
 0.8700000000         162.6445522         162.6765785       
 0.8710000000         162.6429532         162.6747842       
 0.8720000000         162.6413606         162.6729976       
 0.8730000000         162.6397742         162.6712187       
 0.8740000000         162.6381942         162.6694474       
 0.8750000000         162.6366204         162.6676838       
 0.8760000000         162.6350528         162.6659276       
 0.8770000000         162.6334914         162.6641790       
 0.8780000000         162.6319362         162.6624378       
 0.8790000000         162.6303870         162.6607041       
 0.8800000000         162.6288439         162.6589777       
 0.8810000000         162.6273069         162.6572586       
 0.8820000000         162.6257758         162.6555468       
 0.8830000000         162.6242507         162.6538422       
 0.8840000000         162.6227315         162.6521448       
 0.8850000000         162.6212183         162.6504545       
 0.8860000000         162.6197109         162.6487713       
 0.8870000000         162.6182093         162.6470952       
 0.8880000000         162.6167135         162.6454261       
 0.8890000000         162.6152235         162.6437639       
 0.8900000000         162.6137392         162.6421087       
 0.8910000000         162.6122606         162.6404604       
 0.8920000000         162.6107877         162.6388189       
 0.8930000000         162.6093205         162.6371841       
 0.8940000000         162.6078588         162.6355562       
 0.8950000000         162.6064027         162.6339350       
 0.8960000000         162.6049521         162.6323204       
 0.8970000000         162.6035071         162.6307125       
 0.8980000000         162.6020675         162.6291112       
 0.8990000000         162.6006334         162.6275164       
