    0.1000000000E-01     324.0435975                     NaN
    0.1100112486E-01     324.0690369                     NaN
    0.1200224972E-01     324.0996189         324.0996189    
    0.1300337458E-01     324.1339491         324.1339491    
    0.1400449944E-01     324.1705016         324.1705016    
    0.1500562430E-01     324.2078197         324.2078197    
    0.1600674916E-01     324.2446378         324.2446378    
    0.1700787402E-01     324.2799387         324.2799387    
    0.1800899888E-01     324.3129704         324.3129704    
    0.1901012373E-01     324.3432368         324.3432368    
    0.2001124859E-01     324.3704760         324.3704760    
    0.2101237345E-01     324.3946344         324.3946344    
    0.2201349831E-01     324.4158400         324.4158400    
    0.2301462317E-01     324.4343778         324.4343778    
    0.2401574803E-01     324.4506661         324.4506661    
    0.2501687289E-01     324.4652354         324.4652354    
    0.2601799775E-01     324.4787074         324.4787074    
    0.2701912261E-01     324.4917747         324.4917747    
    0.2802024747E-01     324.5051813         324.5051813    
    0.2902137233E-01     324.5197027         324.5197027    
    0.3002249719E-01     324.5361267         324.5361267    
    0.3102362205E-01     324.5552348         324.5552348    
    0.3202474691E-01     324.5777847         324.5777847    
    0.3302587177E-01     324.6044943         324.6044943    
    0.3402699663E-01     324.6360263         324.6360263    
    0.3502812148E-01     324.6729761         324.6729761    
    0.3602924634E-01     324.7158599         324.7158599    
    0.3703037120E-01     324.7651058         324.7651058    
    0.3803149606E-01     324.8210468         324.8210468    
    0.3903262092E-01     324.8839150         324.8839150    
    0.4003374578E-01     324.9538387         324.9538387    
    0.4103487064E-01     325.0308407         325.0308407    
    0.4203599550E-01     325.1148390         325.1148390    
    0.4303712036E-01     325.2056482         325.2056482    
    0.4403824522E-01     325.3029840         325.3029840    
    0.4503937008E-01     325.4064677         325.4064677    
    0.4604049494E-01     325.5156335         325.5156335    
    0.4704161980E-01     325.6299361         325.6299361    
    0.4804274466E-01     325.7487600         325.7487600    
    0.4904386952E-01     325.8714293         325.8714293    
    0.5004499438E-01     325.9972189         325.9972189    
    0.5104611924E-01     326.1253655         326.1253655    
    0.5204724409E-01     326.2550795         326.2550795    
    0.5304836895E-01     326.3855567         326.3855567    
    0.5404949381E-01     326.5159905         326.5159905    
    0.5505061867E-01     326.6455824         326.6455824    
    0.5605174353E-01     326.7735535         326.7735535    
    0.5705286839E-01     326.8991543         326.8991543    
    0.5805399325E-01     327.0216737         327.0216737    
    0.5905511811E-01     327.1404472         327.1404472    
    0.6005624297E-01     327.2548636         327.2548636    
    0.6105736783E-01     327.3643705         327.3643705    
    0.6205849269E-01     327.4684788         327.4684788    
    0.6305961755E-01     327.5667653         327.5667653    
    0.6406074241E-01     327.6588747         327.6588747    
    0.6506186727E-01     327.7445197         327.7445197    
    0.6606299213E-01     327.8234808         327.8234808    
    0.6706411699E-01     327.8956039         327.8956039    
    0.6806524184E-01     327.9607983         327.9607983    
    0.6906636670E-01     328.0190330         328.0190330    
    0.7006749156E-01     328.0703325         328.0703325    
    0.7106861642E-01     328.1147730         328.1147730    
    0.7206974128E-01     328.1524765         328.1524765    
    0.7307086614E-01     328.1836068         328.1836068    
    0.7407199100E-01     328.2083634         328.2083634    
    0.7507311586E-01     328.2269771         328.2269771    
    0.7607424072E-01     328.2397044         328.2397044    
    0.7707536558E-01     328.2468228         328.2468228    
    0.7807649044E-01     328.2486262         328.2486262    
    0.7907761530E-01     328.2454206         328.2454206    
    0.8007874016E-01     328.2375201         328.2375201    
    0.8107986502E-01     328.2252431         328.2252431    
    0.8208098988E-01     328.2089093         328.2089093    
    0.8308211474E-01     328.1888363         328.1888363    
    0.8408323960E-01     328.1653380         328.1653380    
    0.8508436445E-01     328.1387215         328.1387215    
    0.8608548931E-01     328.1092859         328.1092859    
    0.8708661417E-01     328.0773204         328.0773204    
    0.8808773903E-01     328.0431036         328.0431036    
    0.8908886389E-01     328.0069022         328.0069022    
    0.9008998875E-01     327.9689702         327.9689702    
    0.9109111361E-01     327.9295492         327.9295492    
    0.9209223847E-01     327.8888673         327.8888673    
    0.9309336333E-01     327.8471395         327.8471395    
    0.9409448819E-01     327.8045677         327.8045677    
    0.9509561305E-01     327.7613407         327.7613407    
    0.9609673791E-01     327.7176349         327.7176349    
    0.9709786277E-01     327.6736142         327.6736142    
    0.9809898763E-01     327.6294307         327.6294307    
    0.9910011249E-01     327.5852251         327.5852251    
    0.1001012373         327.5411274         327.5411274    
    0.1011023622         327.4972572         327.4972572    
    0.1021034871         327.4537244         327.4537244    
    0.1031046119         327.4106297         327.4106297    
    0.1041057368         327.3680654         327.3680654    
    0.1051068616         327.3261156         327.3261156    
    0.1061079865         327.2848570         327.2848570    
    0.1071091114         327.2443594         327.2443594    
    0.1081102362         327.2046862         327.2046862    
    0.1091113611         327.1658947         327.1658947    
    0.1101124859         327.1280370         327.1280370    
    0.1111136108         327.0911600         327.0911600    
    0.1121147357         327.0553062         327.0553062    
    0.1131158605         327.0205137         327.0205137    
    0.1141169854         326.9868169         326.9868169    
    0.1151181102         326.9542468         326.9542468    
    0.1161192351         326.9228310         326.9228310    
    0.1171203600         326.8925946         326.8925946    
    0.1181214848         326.8635599         326.8635599    
    0.1191226097         326.8357469         326.8357469    
    0.1201237345         326.8091737         326.8091737    
    0.1211248594         326.7838563         326.7838563    
    0.1221259843         326.7598094         326.7598094    
    0.1231271091         326.7370460         326.7370460    
    0.1241282340         326.7155779         326.7155779    
    0.1251293588         326.6954157         326.6954157    
    0.1261304837         326.6765691         326.6765691    
    0.1271316085         326.6590470         326.6590470    
    0.1281327334         326.6428577         326.6428577    
    0.1291338583         326.6280086         326.6280086    
    0.1301349831         326.6145068         326.6145068    
    0.1311361080         326.6023591         326.6023591    
    0.1321372328         326.5915719         326.5915719    
    0.1331383577         326.5821515         326.5821515    
    0.1341394826         326.5741040         326.5741040    
    0.1351406074         326.5674355         326.5674355    
    0.1361417323         326.5621522         326.5621522    
    0.1371428571         326.5582604         326.5582604    
    0.1381439820         326.5557666         326.5557666    
    0.1391451069         326.5546776         326.5546776    
    0.1401462317         326.5550005         326.5550005    
    0.1411473566         326.5567428         326.5567428    
    0.1421484814         326.5599127         326.5599127    
    0.1431496063         326.5645185         326.5645185    
    0.1441507312         326.5705697         326.5705697    
    0.1451518560         326.5780761         326.5780761    
    0.1461529809         326.5870483         326.5870483    
    0.1471541057         326.5974979         326.5974979    
    0.1481552306         326.6094374         326.6094374    
    0.1491563555         326.6228802         326.6228802    
    0.1501574803         326.6378408         326.6378408    
    0.1511586052         326.6543349         326.6543349    
    0.1521597300         326.6723794         326.6723794    
    0.1531608549         326.6919926         326.6919926    
    0.1541619798         326.7131942         326.7131942    
    0.1551631046         326.7360051         326.7360051    
    0.1561642295         326.7604484         326.7604484    
    0.1571653543         326.7865482         326.7865482    
    0.1581664792         326.8143309         326.8143309    
    0.1591676040         326.8438245         326.8438245    
    0.1601687289         326.8750591         326.8750591    
    0.1611698538         326.9080668         326.9080668    
    0.1621709786         326.9428819         326.9428819    
    0.1631721035         326.9795409         326.9795409    
    0.1641732283         327.0180829         327.0180829    
    0.1651743532         327.0585492         327.0585492    
    0.1661754781         327.1009839         327.1009839    
    0.1671766029         327.1454337         327.1454337    
    0.1681777278         327.1919481         327.1919481    
    0.1691788526         327.2405796         327.2405796    
    0.1701799775         327.2913836         327.2913836    
    0.1711811024         327.3444188         327.3444188    
    0.1721822272         327.3997469         327.3997469    
    0.1731833521         327.4574332         327.4574332    
    0.1741844769         327.5175461         327.5175461    
    0.1751856018         327.5801579         327.5801579    
    0.1761867267         327.6453443         327.6453443    
    0.1771878515         327.7131848         327.7131848    
    0.1781889764         327.7837628         327.7837628    
    0.1791901012         327.8571655         327.8571655    
    0.1801912261         327.9334842         327.9334842    
    0.1811923510         328.0128143         328.0128143    
    0.1821934758         328.0952553         328.0952553    
    0.1831946007         328.1809108         328.1809108    
    0.1841957255         328.2698890         328.2698890    
    0.1851968504         328.3623023         328.3623023    
    0.1861979753         328.4582673         328.4582673    
    0.1871991001         328.5579054         328.5579054    
    0.1882002250         328.6613421         328.6613421    
    0.1892013498         328.7687076         328.7687076    
    0.1902024747         328.8801365         328.8801365    
    0.1912035996         328.9957679         328.9957679    
    0.1922047244         329.1157452         329.1157452    
    0.1932058493         329.2402164         329.2402164    
    0.1942069741         329.3693336         329.3693336    
    0.1952080990         329.5032533         329.5032533    
    0.1962092238         329.6421362         329.6421362    
    0.1972103487         329.7861469         329.7861469    
    0.1982114736         329.9354540         329.9354540    
    0.1992125984         330.0902296         330.0902296    
    0.2002137233         330.2506496         330.2506496    
    0.2012148481         330.4168930         330.4168930    
    0.2022159730         330.5891418         330.5891418    
    0.2032170979         330.7675808         330.7675808    
    0.2042182227         330.9523972         330.9523972    
    0.2052193476         331.1437801         331.1437801    
    0.2062204724         331.3419204         331.3419204    
    0.2072215973         331.5470099         331.5470099    
    0.2082227222         331.7592413         331.7592413    
    0.2092238470         331.9788074         331.9788074    
    0.2102249719         332.2059002         332.2059002    
    0.2112260967         332.4407111         332.4407111    
    0.2122272216         332.6834292         332.6834292    
    0.2132283465         332.9342413         332.9342413    
    0.2142294713         333.1933307         333.1933307    
    0.2152305962         333.4608766         333.4608766    
    0.2162317210         333.7370530         333.7370530    
    0.2172328459         334.0220276         334.0220276    
    0.2182339708         334.3159611         334.3159611    
    0.2192350956         334.6190058         334.6190058    
    0.2202362205         334.9313048         334.9313048    
    0.2212373453         335.2529902         335.2529902    
    0.2222384702         335.5841826         335.5841826    
    0.2232395951         335.9249889         335.9249889    
    0.2242407199         336.2755019         336.2755019    
    0.2252418448         336.6357980         336.6357980    
    0.2262429696         337.0059362         337.0059362    
    0.2272440945         337.3859567         337.3859567    
    0.2282452193         337.7758790         337.7758790    
    0.2292463442         338.1757005         338.1757005    
    0.2302474691         338.5853952         338.5853952    
    0.2312485939         339.0049117         339.0049117    
    0.2322497188         339.4341721         339.4341721    
    0.2332508436         339.8730698         339.8730698    
    0.2342519685         340.3214686         340.3214686    
    0.2352530934         340.7792011         340.7792011    
    0.2362542182         341.2460668         341.2460668    
    0.2372553431         341.7218315         341.7218315    
    0.2382564679         342.2062252         342.2062252    
    0.2392575928         342.6989416         342.6989416    
    0.2402587177         343.1996366         343.1996366    
    0.2412598425         343.7079277         343.7079277    
    0.2422609674         344.2233930         344.2233930    
    0.2432620922         344.7455706         344.7455706    
    0.2442632171         345.2739583         345.2739583    
    0.2452643420         345.8080133         345.8080133    
    0.2462654668         346.3471522         346.3471522    
    0.2472665917         346.8907514         346.8907514    
    0.2482677165         347.4381473         347.4381473    
    0.2492688414         347.9886372         347.9886372    
    0.2502699663         348.5414804         348.5414804    
    0.2512710911         349.0958992         349.0958992    
    0.2522722160         349.6510810         349.6510810    
    0.2532733408         350.2061796         350.2061796    
    0.2542744657         350.7603179         350.7603179    
    0.2552755906         351.3125899         351.3125899    
    0.2562767154         351.8620638         351.8620638    
    0.2572778403         352.4077849         352.4077849    
    0.2582789651         352.9487788         352.9487788    
    0.2592800900         353.4840552         353.4840552    
    0.2602812148         354.0126117         354.0126117    
    0.2612823397         354.5334374         354.5334374    
    0.2622834646         355.0455175         355.0455175    
    0.2632845894         355.5478377         355.5478377    
    0.2642857143         356.0393884         356.0393884    
    0.2652868391         356.5191696         356.5191696    
    0.2662879640         356.9861952         356.9861952    
    0.2672890889         357.4394982         357.4394982    
    0.2682902137         357.8781349         357.8781349    
    0.2692913386         358.3011897         358.3011897    
    0.2702924634         358.7077798         358.7077798    
    0.2712935883         359.0970592         359.0970592    
    0.2722947132         359.4682234         359.4682234    
    0.2732958380         359.8205131         359.8205131    
    0.2742969629         360.1532180         360.1532180    
    0.2752980877         360.4656803         360.4656803    
    0.2762992126         360.7572980         360.7572980    
    0.2773003375         361.0275276         361.0275276    
    0.2783014623         361.2758867         361.2758867    
    0.2793025872         361.5019558         361.5019558    
    0.2803037120         361.7053804         361.7053804    
    0.2813048369         361.8858719         361.8858719    
    0.2823059618         362.0432086         362.0432086    
    0.2833070866         362.1772362         362.1772362    
    0.2843082115         362.2878676         362.2878676    
    0.2853093363         362.3750826         362.3750826    
    0.2863104612         362.4389272         362.4389272    
    0.2873115861         362.4795120         362.4795120    
    0.2883127109         362.4970112         362.4970112    
    0.2893138358         362.4916601         362.4916601    
    0.2903149606         362.4637531         362.4637531    
    0.2913160855         362.4136412         362.4136412    
    0.2923172103         362.3417289         362.3417289    
    0.2933183352         362.2484714         362.2484714    
    0.2943194601         362.1343715         362.1343715    
    0.2953205849         361.9999754         361.9999754    
    0.2963217098         361.8458700         361.8458700    
    0.2973228346         361.6726788         361.6726788    
    0.2983239595         361.4810580         361.4810580    
    0.2993250844         361.2716931         361.2716931    
    0.3003262092         361.0452949         361.0452949    
    0.3013273341         360.8025956         360.8025956    
    0.3023284589         360.5443452         360.5443452    
    0.3033295838         360.2713081         360.2713081    
    0.3043307087         359.9842590         359.9842590    
    0.3053318335         359.6839800         359.6839800    
    0.3063329584         359.3712568         359.3712568    
    0.3073340832         359.0468761         359.0468761    
    0.3083352081         358.7116221         358.7116221    
    0.3093363330         358.3662740         358.3662740    
    0.3103374578         358.0116033         358.0116033    
    0.3113385827         357.6483715         357.6483715    
    0.3123397075         357.2773276         357.2773276    
    0.3133408324         356.8992061         356.8992061    
    0.3143419573         356.5147255         356.5147255    
    0.3153430821         356.1245863         356.1245863    
    0.3163442070         355.7294696         355.7294696    
    0.3173453318         355.3300359         355.3300359    
    0.3183464567         354.9269242         354.9269242    
    0.3193475816         354.5207507         354.5207507    
    0.3203487064         354.1121084         354.1121084    
    0.3213498313         353.7015664         353.7015664    
    0.3223509561         353.2896694         353.2896694    
    0.3233520810         352.8769375         352.8769375    
    0.3243532058         352.4638661         352.4638661    
    0.3253543307         352.0509257         352.0509257    
    0.3263554556         351.6385622         351.6385622    
    0.3273565804         351.2271969         351.2271969    
    0.3283577053         350.8172269         350.8172269    
    0.3293588301         350.4090253         350.4090253    
    0.3303599550         350.0029418         350.0029418    
    0.3313610799         349.5993031         349.5993031    
    0.3323622047         349.1984136         349.1984136    
    0.3333633296         348.8005559         348.8005559    
    0.3343644544         348.4059913         348.4059913    
    0.3353655793         348.0149607         348.0149607    
    0.3363667042         347.6276853         347.6276853    
    0.3373678290         347.2443673         347.2443673    
    0.3383689539         346.8651904         346.8651904    
    0.3393700787         346.4903211         346.4903211    
    0.3403712036         346.1199089         346.1199089    
    0.3413723285         345.7540874         345.7540874    
    0.3423734533         345.3929749         345.3929749    
    0.3433745782         345.0366753         345.0366753    
    0.3443757030         344.6852787         344.6852787    
    0.3453768279         344.3388622         344.3388622    
    0.3463779528         343.9974908         343.9974908    
    0.3473790776         343.6612177         343.6612177    
    0.3483802025         343.3300853         343.3300853    
    0.3493813273         343.0041257         343.0041257    
    0.3503824522         342.6833617         342.6833617    
    0.3513835771         342.3678068         342.3678068    
    0.3523847019         342.0574664         342.0574664    
    0.3533858268         341.7523379         341.7523379    
    0.3543869516         341.4524119         341.4524119    
    0.3553880765         341.1576718         341.1576718    
    0.3563892013         340.8680952         340.8680952    
    0.3573903262         340.5836539         340.5836539    
    0.3583914511         340.3043146         340.3043146    
    0.3593925759         340.0300389         340.0300389    
    0.3603937008         339.7607844         339.7607844    
    0.3613948256         339.4965046         339.4965046    
    0.3623959505         339.2371493         339.2371493    
    0.3633970754         338.9826652         338.9826652    
    0.3643982002         338.7329962         338.7329962    
    0.3653993251         338.4880833         338.4880833    
    0.3664004499         338.2478655         338.2478655    
    0.3674015748         338.0122796         338.0122796    
    0.3684026997         337.7812608         337.7812608    
    0.3694038245         337.5547427         337.5547427    
    0.3704049494         337.3326576         337.3326576    
    0.3714060742         337.1149368         337.1149368    
    0.3724071991         336.9015106         336.9015106    
    0.3734083240         336.6923088         336.6923088    
    0.3744094488         336.4872606         336.4872606    
    0.3754105737         336.2862946         336.2862946    
    0.3764116985         336.0893396         336.0893396    
    0.3774128234         335.8963240         335.8963240    
    0.3784139483         335.7071764         335.7071764    
    0.3794150731         335.5218254         335.5218254    
    0.3804161980         335.3402000         335.3402000    
    0.3814173228         335.1622295         335.1622295    
    0.3824184477         334.9878436         334.9878436    
    0.3834195726         334.8169726         334.8169726    
    0.3844206974         334.6495473         334.6495473    
    0.3854218223         334.4854992         334.4854992    
    0.3864229471         334.3247604         334.3247604    
    0.3874240720         334.1672640         334.1672640    
    0.3884251969         334.0129436         334.0129436    
    0.3894263217         333.8617339         333.8617339    
    0.3904274466         333.7135704         333.7135704    
    0.3914285714         333.5683894         333.5683894    
    0.3924296963         333.4261282         333.4261282    
    0.3934308211         333.2867252         333.2867252    
    0.3944319460         333.1501196         333.1501196    
    0.3954330709         333.0162517         333.0162517    
    0.3964341957         332.8850628         332.8850628    
    0.3974353206         332.7564951         332.7564951    
    0.3984364454         332.6304920         332.6304920    
    0.3994375703         332.5069978         332.5069978    
    0.4004386952         332.3859578         332.3859578    
    0.4014398200         332.2673186         332.2673186    
    0.4024409449         332.1510276         332.1510276    
    0.4034420697         332.0370331         332.0370331    
    0.4044431946         331.9252848         331.9252848    
    0.4054443195         331.8157331         331.8157331    
    0.4064454443         331.7083296         331.7083296    
    0.4074465692         331.6030267         331.6030267    
    0.4084476940         331.4997781         331.4997781    
    0.4094488189         331.3985381         331.3985381    
    0.4104499438         331.2992623         331.2992623    
    0.4114510686         331.2019071         331.2019071    
    0.4124521935         331.1064298         331.1064298    
    0.4134533183         331.0127888         331.0127888    
    0.4144544432         330.9209433         330.9209433    
    0.4154555681         330.8308534         330.8308534    
    0.4164566929         330.7424801         330.7424801    
    0.4174578178         330.6557854         330.6557854    
    0.4184589426         330.5707319         330.5707319    
    0.4194600675         330.4872833         330.4872833    
    0.4204611924         330.4054040         330.4054040    
    0.4214623172         330.3250592         330.3250592    
    0.4224634421         330.2462150         330.2462150    
    0.4234645669         330.1688381         330.1688381    
    0.4244656918         330.0928963         330.0928963    
    0.4254668166         330.0183578         330.0183578    
    0.4264679415         329.9451917         329.9451917    
    0.4274690664         329.8733678         329.8733678    
    0.4284701912         329.8028566         329.8028566    
    0.4294713161         329.7336294         329.7336294    
    0.4304724409         329.6656580         329.6656580    
    0.4314735658         329.5989148         329.5989148    
    0.4324746907         329.5333732         329.5333732    
    0.4334758155         329.4690070         329.4690070    
    0.4344769404         329.4057905         329.4057905    
    0.4354780652         329.3436988         329.3436988    
    0.4364791901         329.2827076         329.2827076    
    0.4374803150         329.2227931         329.2227931    
    0.4384814398         329.1639319         329.1639319    
    0.4394825647         329.1061015         329.1061015    
    0.4404836895         329.0492798         329.0492798    
    0.4414848144         328.9934450         328.9934450    
    0.4424859393         328.9385761         328.9385761    
    0.4434870641         328.8846525         328.8846525    
    0.4444881890         328.8316541         328.8316541    
    0.4454893138         328.7795613         328.7795613    
    0.4464904387         328.7283548         328.7283548    
    0.4474915636         328.6780159         328.6780159    
    0.4484926884         328.6285264         328.6285264    
    0.4494938133         328.5798685         328.5798685    
    0.4504949381         328.5320247         328.5320247    
    0.4514960630         328.4849779         328.4849779    
    0.4524971879         328.4387116         328.4387116    
    0.4534983127         328.3932096         328.3932096    
    0.4544994376         328.3484560         328.3484560    
    0.4555005624         328.3044354         328.3044354    
    0.4565016873         328.2611326         328.2611326    
    0.4575028121         328.2185329         328.2185329    
    0.4585039370         328.1766219         328.1766219    
    0.4595050619         328.1353855         328.1353855    
    0.4605061867         328.0948099         328.0948099    
    0.4615073116         328.0548819         328.0548819    
    0.4625084364         328.0155882         328.0155882    
    0.4635095613         327.9769160         327.9769160    
    0.4645106862         327.9388529         327.9388529    
    0.4655118110         327.9013865         327.9013865    
    0.4665129359         327.8645051         327.8645051    
    0.4675140607         327.8281968         327.8281968    
    0.4685151856         327.7924504         327.7924504    
    0.4695163105         327.7572546         327.7572546    
    0.4705174353         327.7225986         327.7225986    
    0.4715185602         327.6884718         327.6884718    
    0.4725196850         327.6548638         327.6548638    
    0.4735208099         327.6217644         327.6217644    
    0.4745219348         327.5891637         327.5891637    
    0.4755230596         327.5570520         327.5570520    
    0.4765241845         327.5254198         327.5254198    
    0.4775253093         327.4942579         327.4942579    
    0.4785264342         327.4635572         327.4635572    
    0.4795275591         327.4333089         327.4333089    
    0.4805286839         327.4035042         327.4035042    
    0.4815298088         327.3741348         327.3741348    
    0.4825309336         327.3451924         327.3451924    
    0.4835320585         327.3166688         327.3166688    
    0.4845331834         327.2885563         327.2885563    
    0.4855343082         327.2608469         327.2608469    
    0.4865354331         327.2335332         327.2335332    
    0.4875365579         327.2066078         327.2066078    
    0.4885376828         327.1800634         327.1800634    
    0.4895388076         327.1538930         327.1538930    
    0.4905399325         327.1280896         327.1280896    
    0.4915410574         327.1026465         327.1026465    
    0.4925421822         327.0775571         327.0775571    
    0.4935433071         327.0528148         327.0528148    
    0.4945444319         327.0284133         327.0284133    
    0.4955455568         327.0043464         327.0043464    
    0.4965466817         326.9806081         326.9806081    
    0.4975478065         326.9571924         326.9571924    
    0.4985489314         326.9340935         326.9340935    
    0.4995500562         326.9113057         326.9113057    
    0.5005511811         326.8888235         326.8888235    
    0.5015523060         326.8666414         326.8666414    
    0.5025534308         326.8447540         326.8447540    
    0.5035545557         326.8231561         326.8231561    
    0.5045556805         326.8018427         326.8018427    
    0.5055568054         326.7808087         326.7808087    
    0.5065579303         326.7600492         326.7600492    
    0.5075590551         326.7395594         326.7395594    
    0.5085601800         326.7193347         326.7193347    
    0.5095613048         326.6993704         326.6993704    
    0.5105624297         326.6796620         326.6796620    
    0.5115635546         326.6602052         326.6602052    
    0.5125646794         326.6409955         326.6409955    
    0.5135658043         326.6220288         326.6220288    
    0.5145669291         326.6033008         326.6033008    
    0.5155680540         326.5848077         326.5848077    
    0.5165691789         326.5665453         326.5665453    
    0.5175703037         326.5485098         326.5485098    
    0.5185714286         326.5306974         326.5306974    
    0.5195725534         326.5131043         326.5131043    
    0.5205736783         326.4957268         326.4957268    
    0.5215748031         326.4785614         326.4785614    
    0.5225759280         326.4616045         326.4616045    
    0.5235770529         326.4448528         326.4448528    
    0.5245781777         326.4283027         326.4283027    
    0.5255793026         326.4119510         326.4119510    
    0.5265804274         326.3957945         326.3957945    
    0.5275815523         326.3798299         326.3798299    
    0.5285826772         326.3640542         326.3640542    
    0.5295838020         326.3484643         326.3484643    
    0.5305849269         326.3330571         326.3330571    
    0.5315860517         326.3178298         326.3178298    
    0.5325871766         326.3027794         326.3027794    
    0.5335883015         326.2879032         326.2879032    
    0.5345894263         326.2731983         326.2731983    
    0.5355905512         326.2586620         326.2586620    
    0.5365916760         326.2442918         326.2442918    
    0.5375928009         326.2300848         326.2300848    
    0.5385939258         326.2160386         326.2160386    
    0.5395950506         326.2021507         326.2021507    
    0.5405961755         326.1884186         326.1884186    
    0.5415973003         326.1748398         326.1748398    
    0.5425984252         326.1614121         326.1614121    
    0.5435995501         326.1481330         326.1481330    
    0.5446006749         326.1350002         326.1350002    
    0.5456017998         326.1220116         326.1220116    
    0.5466029246         326.1091649         326.1091649    
    0.5476040495         326.0964580         326.0964580    
    0.5486051744         326.0838887         326.0838887    
    0.5496062992         326.0714550         326.0714550    
    0.5506074241         326.0591547         326.0591547    
    0.5516085489         326.0469860         326.0469860    
    0.5526096738         326.0349468         326.0349468    
    0.5536107987         326.0230352         326.0230352    
    0.5546119235         326.0112493         326.0112493    
    0.5556130484         325.9995873         325.9995873    
    0.5566141732         325.9880472         325.9880472    
    0.5576152981         325.9766274         325.9766274    
    0.5586164229         325.9653260         325.9653260    
    0.5596175478         325.9541413         325.9541413    
    0.5606186727         325.9430716         325.9430716    
    0.5616197975         325.9321153         325.9321153    
    0.5626209224         325.9212707         325.9212707    
    0.5636220472         325.9105361         325.9105361    
    0.5646231721         325.8999101         325.8999101    
    0.5656242970         325.8893910         325.8893910    
    0.5666254218         325.8789774         325.8789774    
    0.5676265467         325.8686676         325.8686676    
    0.5686276715         325.8584603         325.8584603    
    0.5696287964         325.8483541         325.8483541    
    0.5706299213         325.8383474         325.8383474    
    0.5716310461         325.8284389         325.8284389    
    0.5726321710         325.8186271         325.8186271    
    0.5736332958         325.8089109         325.8089109    
    0.5746344207         325.7992888         325.7992888    
    0.5756355456         325.7897595         325.7897595    
    0.5766366704         325.7803217         325.7803217    
    0.5776377953         325.7709742         325.7709742    
    0.5786389201         325.7617158         325.7617158    
    0.5796400450         325.7525452         325.7525452    
    0.5806411699         325.7434612         325.7434612    
    0.5816422947         325.7344627         325.7344627    
    0.5826434196         325.7255485         325.7255485    
    0.5836445444         325.7167175         325.7167175    
    0.5846456693         325.7079685         325.7079685    
    0.5856467942         325.6993005         325.6993005    
    0.5866479190         325.6907123         325.6907123    
    0.5876490439         325.6822029         325.6822029    
    0.5886501687         325.6737713         325.6737713    
    0.5896512936         325.6654164         325.6654164    
    0.5906524184         325.6571373         325.6571373    
    0.5916535433         325.6489329         325.6489329    
    0.5926546682         325.6408022         325.6408022    
    0.5936557930         325.6327443         325.6327443    
    0.5946569179         325.6247583         325.6247583    
    0.5956580427         325.6168432         325.6168432    
    0.5966591676         325.6089980         325.6089980    
    0.5976602925         325.6012220         325.6012220    
    0.5986614173         325.5935142         325.5935142    
    0.5996625422         325.5858737         325.5858737    
    0.6006636670         325.5782997         325.5782997    
    0.6016647919         325.5707914         325.5707914    
    0.6026659168         325.5633479         325.5633479    
    0.6036670416         325.5559683         325.5559683    
    0.6046681665         325.5486520         325.5486520    
    0.6056692913         325.5413980         325.5413980    
    0.6066704162         325.5342057         325.5342057    
    0.6076715411         325.5270742         325.5270742    
    0.6086726659         325.5200028         325.5200028    
    0.6096737908         325.5129907         325.5129907    
    0.6106749156         325.5060373         325.5060373    
    0.6116760405         325.4991418         325.4991418    
    0.6126771654         325.4923035         325.4923035    
    0.6136782902         325.4855217         325.4855217    
    0.6146794151         325.4787957         325.4787957    
    0.6156805399         325.4721248         325.4721248    
    0.6166816648         325.4655084         325.4655084    
    0.6176827897         325.4589458         325.4589458    
    0.6186839145         325.4524364         325.4524364    
    0.6196850394         325.4459795         325.4459795    
    0.6206861642         325.4395745         325.4395745    
    0.6216872891         325.4332208         325.4332208    
    0.6226884139         325.4269178         325.4269178    
    0.6236895388         325.4206649         325.4206649    
    0.6246906637         325.4144614         325.4144614    
    0.6256917885         325.4083069         325.4083069    
    0.6266929134         325.4022007         325.4022007    
    0.6276940382         325.3961424         325.3961424    
    0.6286951631         325.3901312         325.3901312    
    0.6296962880         325.3841667         325.3841667    
    0.6306974128         325.3782484         325.3782484    
    0.6316985377         325.3723757         325.3723757    
    0.6326996625         325.3665480         325.3665480    
    0.6337007874         325.3607650         325.3607650    
    0.6347019123         325.3550260         325.3550260    
    0.6357030371         325.3493306         325.3493306    
    0.6367041620         325.3436782         325.3436782    
    0.6377052868         325.3380685         325.3380685    
    0.6387064117         325.3325008         325.3325008    
    0.6397075366         325.3269748         325.3269748    
    0.6407086614         325.3214900         325.3214900    
    0.6417097863         325.3160459         325.3160459    
    0.6427109111         325.3106420         325.3106420    
    0.6437120360         325.3052780         325.3052780    
    0.6447131609         325.2999534         325.2999534    
    0.6457142857         325.2946677         325.2946677    
    0.6467154106         325.2894205         325.2894205    
    0.6477165354         325.2842115         325.2842115    
    0.6487176603         325.2790401         325.2790401    
    0.6497187852         325.2739060         325.2739060    
    0.6507199100         325.2688088         325.2688088    
    0.6517210349         325.2637481         325.2637481    
    0.6527221597         325.2587235         325.2587235    
    0.6537232846         325.2537346         325.2537346    
    0.6547244094         325.2487810         325.2487810    
    0.6557255343         325.2438623         325.2438623    
    0.6567266592         325.2389782         325.2389782    
    0.6577277840         325.2341284         325.2341284    
    0.6587289089         325.2293124         325.2293124    
    0.6597300337         325.2245299         325.2245299    
    0.6607311586         325.2197805         325.2197805    
    0.6617322835         325.2150639         325.2150639    
    0.6627334083         325.2103798         325.2103798    
    0.6637345332         325.2057278         325.2057278    
    0.6647356580         325.2011077         325.2011077    
    0.6657367829         325.1965189         325.1965189    
    0.6667379078         325.1919614         325.1919614    
    0.6677390326         325.1874346         325.1874346    
    0.6687401575         325.1829384         325.1829384    
    0.6697412823         325.1784723         325.1784723    
    0.6707424072         325.1740362         325.1740362    
    0.6717435321         325.1696296         325.1696296    
    0.6727446569         325.1652524         325.1652524    
    0.6737457818         325.1609041         325.1609041    
    0.6747469066         325.1565846         325.1565846    
    0.6757480315         325.1522934         325.1522934    
    0.6767491564         325.1480305         325.1480305    
    0.6777502812         325.1437953         325.1437953    
    0.6787514061         325.1395878         325.1395878    
    0.6797525309         325.1354076         325.1354076    
    0.6807536558         325.1312544         325.1312544    
    0.6817547807         325.1271280         325.1271280    
    0.6827559055         325.1230282         325.1230282    
    0.6837570304         325.1189546         325.1189546    
    0.6847581552         325.1149070         325.1149070    
    0.6857592801         325.1108851         325.1108851    
    0.6867604049         325.1068888         325.1068888    
    0.6877615298         325.1029177         325.1029177    
    0.6887626547         325.0989717         325.0989717    
    0.6897637795         325.0950505         325.0950505    
    0.6907649044         325.0911538         325.0911538    
    0.6917660292         325.0872814         325.0872814    
    0.6927671541         325.0834331         325.0834331    
    0.6937682790         325.0796086         325.0796086    
    0.6947694038         325.0758078         325.0758078    
    0.6957705287         325.0720304         325.0720304    
    0.6967716535         325.0682762         325.0682762    
    0.6977727784         325.0645450         325.0645450    
    0.6987739033         325.0608365         325.0608365    
    0.6997750281         325.0571506         325.0571506    
    0.7007761530         325.0534871         325.0534871    
    0.7017772778         325.0498457         325.0498457    
    0.7027784027         325.0462262         325.0462262    
    0.7037795276         325.0426285         325.0426285    
    0.7047806524         325.0390523         325.0390523    
    0.7057817773         325.0354974         325.0354974    
    0.7067829021         325.0319637         325.0319637    
    0.7077840270         325.0284510         325.0284510    
    0.7087851519         325.0249590         325.0249590    
    0.7097862767         325.0214876         325.0214876    
    0.7107874016         325.0180366         325.0180366    
    0.7117885264         325.0146059         325.0146059    
    0.7127896513         325.0111951         325.0111951    
    0.7137907762         325.0078043         325.0078043    
    0.7147919010         325.0044331         325.0044331    
    0.7157930259         325.0010814         325.0010814    
    0.7167941507         324.9977491         324.9977491    
    0.7177952756         324.9944359         324.9944359    
    0.7187964004         324.9911418         324.9911418    
    0.7197975253         324.9878665         324.9878665    
    0.7207986502         324.9846098         324.9846098    
    0.7217997750         324.9813717         324.9813717    
    0.7228008999         324.9781519         324.9781519    
    0.7238020247         324.9749503         324.9749503    
    0.7248031496         324.9717668         324.9717668    
    0.7258042745         324.9686012         324.9686012    
    0.7268053993         324.9654532         324.9654532    
    0.7278065242         324.9623229         324.9623229    
    0.7288076490         324.9592100         324.9592100    
    0.7298087739         324.9561144         324.9561144    
    0.7308098988         324.9530359         324.9530359    
    0.7318110236         324.9499744         324.9499744    
    0.7328121485         324.9469298         324.9469298    
    0.7338132733         324.9439019         324.9439019    
    0.7348143982         324.9408905         324.9408905    
    0.7358155231         324.9378956         324.9378956    
    0.7368166479         324.9349170         324.9349170    
    0.7378177728         324.9319546         324.9319546    
    0.7388188976         324.9290082         324.9290082    
    0.7398200225         324.9260777         324.9260777    
    0.7408211474         324.9231629         324.9231629    
    0.7418222722         324.9202638         324.9202638    
    0.7428233971         324.9173802         324.9173802    
    0.7438245219         324.9145120         324.9145120    
    0.7448256468         324.9116591         324.9116591    
    0.7458267717         324.9088213         324.9088213    
    0.7468278965         324.9059986         324.9059986    
    0.7478290214         324.9031907         324.9031907    
    0.7488301462         324.9003976         324.9003976    
    0.7498312711         324.8976192         324.8976192    
    0.7508323960         324.8948553         324.8948553    
    0.7518335208         324.8921058         324.8921058    
    0.7528346457         324.8893707         324.8893707    
    0.7538357705         324.8866497         324.8866497    
    0.7548368954         324.8839429         324.8839429    
    0.7558380202         324.8812500         324.8812500    
    0.7568391451         324.8785710         324.8785710    
    0.7578402700         324.8759058         324.8759058    
    0.7588413948         324.8732542         324.8732542    
    0.7598425197         324.8706162         324.8706162    
    0.7608436445         324.8679916         324.8679916    
    0.7618447694         324.8653804         324.8653804    
    0.7628458943         324.8627824         324.8627824    
    0.7638470191         324.8601975         324.8601975    
    0.7648481440         324.8576257         324.8576257    
    0.7658492688         324.8550668         324.8550668    
    0.7668503937         324.8525208         324.8525208    
    0.7678515186         324.8499875         324.8499875    
    0.7688526434         324.8474668         324.8474668    
    0.7698537683         324.8449587         324.8449587    
    0.7708548931         324.8424630         324.8424630    
    0.7718560180         324.8399797         324.8399797    
    0.7728571429         324.8375087         324.8375087    
    0.7738582677         324.8350499         324.8350499    
    0.7748593926         324.8326031         324.8326031    
    0.7758605174         324.8301684         324.8301684    
    0.7768616423         324.8277455         324.8277455    
    0.7778627672         324.8253345         324.8253345    
    0.7788638920         324.8229352         324.8229352    
    0.7798650169         324.8205476         324.8205476    
    0.7808661417         324.8181715         324.8181715    
    0.7818672666         324.8158069         324.8158069    
    0.7828683915         324.8134537         324.8134537    
    0.7838695163         324.8111118         324.8111118    
    0.7848706412         324.8087812         324.8087812    
    0.7858717660         324.8064617         324.8064617    
    0.7868728909         324.8041532         324.8041532    
    0.7878740157         324.8018558         324.8018558    
    0.7888751406         324.7995692         324.7995692    
    0.7898762655         324.7972935         324.7972935    
    0.7908773903         324.7950286         324.7950286    
    0.7918785152         324.7927743         324.7927743    
    0.7928796400         324.7905307         324.7905307    
    0.7938807649         324.7882975         324.7882975    
    0.7948818898         324.7860748         324.7860748    
    0.7958830146         324.7838625         324.7838625    
    0.7968841395         324.7816606         324.7816606    
    0.7978852643         324.7794688         324.7794688    
    0.7988863892         324.7772872         324.7772872    
    0.7998875141         324.7751157         324.7751157    
    0.8008886389         324.7729543         324.7729543    
    0.8018897638         324.7708027         324.7708027    
    0.8028908886         324.7686611         324.7686611    
    0.8038920135         324.7665293         324.7665293    
    0.8048931384         324.7644072         324.7644072    
    0.8058942632         324.7622949         324.7622949    
    0.8068953881         324.7601921         324.7601921    
    0.8078965129         324.7580989         324.7580989    
    0.8088976378         324.7560152         324.7560152    
    0.8098987627         324.7539409         324.7539409    
    0.8108998875         324.7518760         324.7518760    
    0.8119010124         324.7498203         324.7498203    
    0.8129021372         324.7477739         324.7477739    
    0.8139032621         324.7457367         324.7457367    
    0.8149043870         324.7437085         324.7437085    
    0.8159055118         324.7416895         324.7416895    
    0.8169066367         324.7396794         324.7396794    
    0.8179077615         324.7376782         324.7376782    
    0.8189088864         324.7356859         324.7356859    
    0.8199100112         324.7337024         324.7337024    
    0.8209111361         324.7317277         324.7317277    
    0.8219122610         324.7297617         324.7297617    
    0.8229133858         324.7278043         324.7278043    
    0.8239145107         324.7258555         324.7258555    
    0.8249156355         324.7239152         324.7239152    
    0.8259167604         324.7219834         324.7219834    
    0.8269178853         324.7200600         324.7200600    
    0.8279190101         324.7181449         324.7181449    
    0.8289201350         324.7162382         324.7162382    
    0.8299212598         324.7143397         324.7143397    
    0.8309223847         324.7124494         324.7124494    
    0.8319235096         324.7105673         324.7105673    
    0.8329246344         324.7086933         324.7086933    
    0.8339257593         324.7068273         324.7068273    
    0.8349268841         324.7049693         324.7049693    
    0.8359280090         324.7031192         324.7031192    
    0.8369291339         324.7012770         324.7012770    
    0.8379302587         324.6994427         324.6994427    
    0.8389313836         324.6976162         324.6976162    
    0.8399325084         324.6957974         324.6957974    
    0.8409336333         324.6939862         324.6939862    
    0.8419347582         324.6921828         324.6921828    
    0.8429358830         324.6903869         324.6903869    
    0.8439370079         324.6885986         324.6885986    
    0.8449381327         324.6868178         324.6868178    
    0.8459392576         324.6850444         324.6850444    
    0.8469403825         324.6832785         324.6832785    
    0.8479415073         324.6815199         324.6815199    
    0.8489426322         324.6797687         324.6797687    
    0.8499437570         324.6780247         324.6780247    
    0.8509448819         324.6762879         324.6762879    
    0.8519460067         324.6745583         324.6745583    
    0.8529471316         324.6728359         324.6728359    
    0.8539482565         324.6711206         324.6711206    
    0.8549493813         324.6694123         324.6694123    
    0.8559505062         324.6677110         324.6677110    
    0.8569516310         324.6660167         324.6660167    
    0.8579527559         324.6643293         324.6643293    
    0.8589538808         324.6626488         324.6626488    
    0.8599550056         324.6609752         324.6609752    
    0.8609561305         324.6593083         324.6593083    
    0.8619572553         324.6576483         324.6576483    
    0.8629583802         324.6559949         324.6559949    
    0.8639595051         324.6543482         324.6543482    
    0.8649606299         324.6527082         324.6527082    
    0.8659617548         324.6510748         324.6510748    
    0.8669628796         324.6494479         324.6494479    
    0.8679640045         324.6478275         324.6478275    
    0.8689651294         324.6462137         324.6462137    
    0.8699662542         324.6446063         324.6446063    
    0.8709673791         324.6430053         324.6430053    
    0.8719685039         324.6414106         324.6414106    
    0.8729696288         324.6398223         324.6398223    
    0.8739707537         324.6382403         324.6382403    
    0.8749718785         324.6366646         324.6366646    
    0.8759730034         324.6350951         324.6350951    
    0.8769741282         324.6335318         324.6335318    
    0.8779752531         324.6319746         324.6319746    
    0.8789763780         324.6304235         324.6304235    
    0.8799775028         324.6288786         324.6288786    
    0.8809786277         324.6273396         324.6273396    
    0.8819797525         324.6258067         324.6258067    
    0.8829808774         324.6242798         324.6242798    
    0.8839820022         324.6227588         324.6227588    
    0.8849831271         324.6212438         324.6212438    
    0.8859842520         324.6197346         324.6197346    
    0.8869853768         324.6182312         324.6182312    
    0.8879865017         324.6167337         324.6167337    
    0.8889876265         324.6152419         324.6152419    
    0.8899887514         324.6137559         324.6137559    
    0.8909898763         324.6122756         324.6122756    
    0.8919910011         324.6108010         324.6108010    
    0.8929921260         324.6093320         324.6093320    
    0.8939932508         324.6078686         324.6078686    
    0.8949943757         324.6064109         324.6064109    
    0.8959955006         324.6049586         324.6049586    
    0.8969966254         324.6035120         324.6035120    
    0.8979977503         324.6020708         324.6020708    
    0.8989988751         324.6006350         324.6006350    
    0.9000000000         324.5992047         324.5992047    
